[debug] [2022-08-19T04:32:14.899Z] ----------------------------------------------------------------------
[debug] [2022-08-19T04:32:14.903Z] Command:       C:\Program Files\nodejs\node.exe C:\Users\Tsenguunmaa\AppData\Roaming\npm\node_modules\firebase-tools\lib\bin\firebase.js deploy
[debug] [2022-08-19T04:32:14.904Z] CLI Version:   11.7.0
[debug] [2022-08-19T04:32:14.904Z] Platform:      win32
[debug] [2022-08-19T04:32:14.904Z] Node Version:  v16.13.2
[debug] [2022-08-19T04:32:14.906Z] Time:          Fri Aug 19 2022 12:32:14 GMT+0800 (Ulaanbaatar Standard Time)
[debug] [2022-08-19T04:32:14.906Z] ----------------------------------------------------------------------
[debug] 
[debug] [2022-08-19T04:32:15.115Z] > command requires scopes: ["email","openid","https://www.googleapis.com/auth/cloudplatformprojects.readonly","https://www.googleapis.com/auth/firebase","https://www.googleapis.com/auth/cloud-platform"]
[debug] [2022-08-19T04:32:15.116Z] > authorizing via signed-in user (cryptojavkhlantugs@gmail.com)
[debug] [2022-08-19T04:32:15.116Z] [iam] checking project rentsoestate for permissions ["firebase.projects.get","firebasehosting.sites.update"]
[debug] [2022-08-19T04:32:15.120Z] >>> [apiv2][query] POST https://cloudresourcemanager.googleapis.com/v1/projects/rentsoestate:testIamPermissions [none]
[debug] [2022-08-19T04:32:15.121Z] >>> [apiv2][(partial)header] POST https://cloudresourcemanager.googleapis.com/v1/projects/rentsoestate:testIamPermissions x-goog-quota-user=projects/rentsoestate
[debug] [2022-08-19T04:32:15.121Z] >>> [apiv2][body] POST https://cloudresourcemanager.googleapis.com/v1/projects/rentsoestate:testIamPermissions {"permissions":["firebase.projects.get","firebasehosting.sites.update"]}
[debug] [2022-08-19T04:32:16.067Z] <<< [apiv2][status] POST https://cloudresourcemanager.googleapis.com/v1/projects/rentsoestate:testIamPermissions 200
[debug] [2022-08-19T04:32:16.067Z] <<< [apiv2][body] POST https://cloudresourcemanager.googleapis.com/v1/projects/rentsoestate:testIamPermissions {"permissions":["firebase.projects.get","firebasehosting.sites.update"]}
[debug] [2022-08-19T04:32:16.070Z] >>> [apiv2][query] GET https://firebase.googleapis.com/v1beta1/projects/rentsoestate [none]
[debug] [2022-08-19T04:32:16.958Z] <<< [apiv2][status] GET https://firebase.googleapis.com/v1beta1/projects/rentsoestate 200
[debug] [2022-08-19T04:32:16.959Z] <<< [apiv2][body] GET https://firebase.googleapis.com/v1beta1/projects/rentsoestate {"projectId":"rentsoestate","projectNumber":"21146429117","displayName":"Rentsoestate","name":"projects/rentsoestate","resources":{"hostingSite":"rentsoestate"},"state":"ACTIVE","etag":"1_198fa447-e977-45a8-a521-cab0ae4770b5"}
[info] 
[info] === Deploying to 'rentsoestate'...
[info] 
[info] i  deploying hosting 
[debug] [2022-08-19T04:32:16.965Z] >>> [apiv2][query] GET https://firebase.googleapis.com/v1beta1/projects/rentsoestate [none]
[debug] [2022-08-19T04:32:17.860Z] <<< [apiv2][status] GET https://firebase.googleapis.com/v1beta1/projects/rentsoestate 200
[debug] [2022-08-19T04:32:17.860Z] <<< [apiv2][body] GET https://firebase.googleapis.com/v1beta1/projects/rentsoestate {"projectId":"rentsoestate","projectNumber":"21146429117","displayName":"Rentsoestate","name":"projects/rentsoestate","resources":{"hostingSite":"rentsoestate"},"state":"ACTIVE","etag":"1_198fa447-e977-45a8-a521-cab0ae4770b5"}
[debug] [2022-08-19T04:32:17.864Z] >>> [apiv2][query] POST https://firebasehosting.googleapis.com/v1beta1/projects/21146429117/sites/rentsoestate/versions [none]
[debug] [2022-08-19T04:32:17.864Z] >>> [apiv2][body] POST https://firebasehosting.googleapis.com/v1beta1/projects/21146429117/sites/rentsoestate/versions {"config":{"rewrites":[{"glob":"**","path":"/index.html"}]},"labels":{"deployment-tool":"cli-firebase"}}
[debug] [2022-08-19T04:32:19.990Z] <<< [apiv2][status] POST https://firebasehosting.googleapis.com/v1beta1/projects/21146429117/sites/rentsoestate/versions 200
[debug] [2022-08-19T04:32:19.990Z] <<< [apiv2][body] POST https://firebasehosting.googleapis.com/v1beta1/projects/21146429117/sites/rentsoestate/versions {"name":"projects/21146429117/sites/rentsoestate/versions/606159fb55731a75","status":"CREATED","config":{"rewrites":[{"glob":"**","path":"/index.html"}]},"labels":{"deployment-tool":"cli-firebase"}}
[info] i  hosting[rentsoestate]: beginning deploy... 
[info] i  hosting[rentsoestate]: found 23 files in build 
[debug] [2022-08-19T04:32:20.049Z] [hosting] uploading with 200 concurrency
[debug] [2022-08-19T04:32:20.052Z] [hosting] hash cache [YnVpbGQ] not populated
[debug] [2022-08-19T04:32:20.621Z] [hosting] hash cache [YnVpbGQ] stored for 23 files
[debug] [2022-08-19T04:32:20.621Z] [hosting][hash queue][FINAL] {"max":442,"min":101,"avg":185.69565217391303,"active":0,"complete":23,"success":23,"errored":0,"retried":0,"total":23,"elapsed":533}
[debug] [2022-08-19T04:32:20.623Z] >>> [apiv2][query] POST https://firebasehosting.googleapis.com/v1beta1/projects/21146429117/sites/rentsoestate/versions/606159fb55731a75:populateFiles [none]
[debug] [2022-08-19T04:32:20.623Z] >>> [apiv2][body] POST https://firebasehosting.googleapis.com/v1beta1/projects/21146429117/sites/rentsoestate/versions/606159fb55731a75:populateFiles {"files":{"/asset-manifest.json":"7d2d855a4c37e75552d60d0b4b093cc1a43460d17e2421402d37be0014bd22d6","/index.html":"bd283453304af7167b2ebd887cae79b72d1a2052f6bd749556ac833389aa52ae","/manifest.json":"5c997de1364b8be939319fa9209abd77f2caf7f8844999a9e2e9173f844e7840","/robots.txt":"b2090cf9761ef60aa06e4fab97679bd43dfa5e5df073701ead5879d7c68f1ec5","/favicon.ico":"eae62e993eb980ec8a25058c39d5a51feab118bd2100c4deebb2a9c158ec11f9","/logo192.png":"3ee59515172ee198f3be375979df15ac5345183e656720a381b8872b2a39dc8b","/locales/ru/translation.json":"b060a95cd9fc4b5239f7713c01743e87c22d440e1a395335daf3396b23489d80","/static/css/main.e7c6de12.css":"537d4d29ac255452530781da0540a2ba08209dfdd4ec9264cb3b8d55300ee2e3","/static/js/787.9ecc5072.chunk.js":"eb41976c007684195c6e0eb9480247a17c226616c39a353b044350b86ed19598","/static/js/787.9ecc5072.chunk.js.map":"42548399b6a2d066e61e1a071a495c627dafdf3bdb926bdc938ec19ddaf4079a","/static/css/main.e7c6de12.css.map":"22c98df1d7ecf1ef1e75d7bca131c0d4d9678d78352689ea8ff725ef0048c48d","/static/js/main.d66f0d11.js.LICENSE.txt":"51e5f0ba16955e06be4a183a45a3d83a414df57caf2ad06804c2232d8f128da6","/static/media/getFetch.c780682470504fffbd04.cjs":"c9ed2600c6c4d9018e9ef3fecba695baf37b5f175ec4a5299456a669ad2d4f8c","/locales/en/translation.json":"b2b3c9bb8ace33ff63bc5c974aaa976d01f1982b5f2d59781ef3823839e597c0","/locales/mn/translation.json":"c1befdbdae1624bd13c9186a0fd45682331f006fd6fd76e45dc7c830b7e6732a","/logo512.png":"ee7e2f3fdb8209c4b6fd7bef6ba50d1b9dba30a25bb5c3126df057e1cb6f5331","/static/js/main.d66f0d11.js":"c564a15a9a7d17a5eb590f9c196ec5c216f224902a9e5d118253079d0540156d","/static/media/contracosta_small.39acdad28c787c38a323.png":"6164e4b64af740a2258b1add8ae49dc7ea16e1b802d00bb153d25781d553747a","/static/media/DSC_2973.90f4ad8f239d82d2a44c.JPG":"5703cbbd4c24113bd6c5ac79e40aad9b05ca62e1bd8d4dcf38c8fb3d08137987","/static/media/DSC_2970.ca555720efbc16cd8085.JPG":"702401aa957c9b1ebfafbaf807746d8325b2e7a4614193f18e3bd437c77cda77","/static/media/logo.8bbe10ceb5a3e9762b02.png":"e1208d68832e489565caba6fe197213a82f547f7d11b117be2bb156165aec6a3","/static/media/contracosta.3e4d10c5ae33d7b11547.png":"84e656cdad9bc19fe853f38be4acf24b5c3fd6b5913f6b6810c71bbbe0cdc43b","/static/js/main.d66f0d11.js.map":"2aebe6f26a606c63b7cf350db4fc062948eae0d5c77b7bb92aeb160646d9ca7b"}}
[debug] [2022-08-19T04:32:21.839Z] <<< [apiv2][status] POST https://firebasehosting.googleapis.com/v1beta1/projects/21146429117/sites/rentsoestate/versions/606159fb55731a75:populateFiles 200
[debug] [2022-08-19T04:32:21.839Z] <<< [apiv2][body] POST https://firebasehosting.googleapis.com/v1beta1/projects/21146429117/sites/rentsoestate/versions/606159fb55731a75:populateFiles {"uploadRequiredHashes":["702401aa957c9b1ebfafbaf807746d8325b2e7a4614193f18e3bd437c77cda77","eae62e993eb980ec8a25058c39d5a51feab118bd2100c4deebb2a9c158ec11f9","bd283453304af7167b2ebd887cae79b72d1a2052f6bd749556ac833389aa52ae","5c997de1364b8be939319fa9209abd77f2caf7f8844999a9e2e9173f844e7840","537d4d29ac255452530781da0540a2ba08209dfdd4ec9264cb3b8d55300ee2e3","c1befdbdae1624bd13c9186a0fd45682331f006fd6fd76e45dc7c830b7e6732a","2aebe6f26a606c63b7cf350db4fc062948eae0d5c77b7bb92aeb160646d9ca7b","c9ed2600c6c4d9018e9ef3fecba695baf37b5f175ec4a5299456a669ad2d4f8c","b2090cf9761ef60aa06e4fab97679bd43dfa5e5df073701ead5879d7c68f1ec5","ee7e2f3fdb8209c4b6fd7bef6ba50d1b9dba30a25bb5c3126df057e1cb6f5331","3ee59515172ee198f3be375979df15ac5345183e656720a381b8872b2a39dc8b","51e5f0ba16955e06be4a183a45a3d83a414df57caf2ad06804c2232d8f128da6","e1208d68832e489565caba6fe197213a82f547f7d11b117be2bb156165aec6a3","b2b3c9bb8ace33ff63bc5c974aaa976d01f1982b5f2d59781ef3823839e597c0","22c98df1d7ecf1ef1e75d7bca131c0d4d9678d78352689ea8ff725ef0048c48d","c564a15a9a7d17a5eb590f9c196ec5c216f224902a9e5d118253079d0540156d","eb41976c007684195c6e0eb9480247a17c226616c39a353b044350b86ed19598","42548399b6a2d066e61e1a071a495c627dafdf3bdb926bdc938ec19ddaf4079a","b060a95cd9fc4b5239f7713c01743e87c22d440e1a395335daf3396b23489d80","5703cbbd4c24113bd6c5ac79e40aad9b05ca62e1bd8d4dcf38c8fb3d08137987","6164e4b64af740a2258b1add8ae49dc7ea16e1b802d00bb153d25781d553747a","7d2d855a4c37e75552d60d0b4b093cc1a43460d17e2421402d37be0014bd22d6","84e656cdad9bc19fe853f38be4acf24b5c3fd6b5913f6b6810c71bbbe0cdc43b"],"uploadUrl":"https://upload-firebasehosting.googleapis.com/upload/sites/rentsoestate/versions/606159fb55731a75/files"}
[debug] [2022-08-19T04:32:21.851Z] >>> [apiv2][query] POST https://upload-firebasehosting.googleapis.com/upload/sites/rentsoestate/versions/606159fb55731a75/files/702401aa957c9b1ebfafbaf807746d8325b2e7a4614193f18e3bd437c77cda77 [none]
[debug] [2022-08-19T04:32:21.852Z] >>> [apiv2][body] POST https://upload-firebasehosting.googleapis.com/upload/sites/rentsoestate/versions/606159fb55731a75/files/702401aa957c9b1ebfafbaf807746d8325b2e7a4614193f18e3bd437c77cda77 [stream]
[debug] [2022-08-19T04:32:21.855Z] >>> [apiv2][query] POST https://upload-firebasehosting.googleapis.com/upload/sites/rentsoestate/versions/606159fb55731a75/files/eae62e993eb980ec8a25058c39d5a51feab118bd2100c4deebb2a9c158ec11f9 [none]
[debug] [2022-08-19T04:32:21.856Z] >>> [apiv2][body] POST https://upload-firebasehosting.googleapis.com/upload/sites/rentsoestate/versions/606159fb55731a75/files/eae62e993eb980ec8a25058c39d5a51feab118bd2100c4deebb2a9c158ec11f9 [stream]
[debug] [2022-08-19T04:32:21.861Z] >>> [apiv2][query] POST https://upload-firebasehosting.googleapis.com/upload/sites/rentsoestate/versions/606159fb55731a75/files/bd283453304af7167b2ebd887cae79b72d1a2052f6bd749556ac833389aa52ae [none]
[debug] [2022-08-19T04:32:21.861Z] >>> [apiv2][body] POST https://upload-firebasehosting.googleapis.com/upload/sites/rentsoestate/versions/606159fb55731a75/files/bd283453304af7167b2ebd887cae79b72d1a2052f6bd749556ac833389aa52ae [stream]
[debug] [2022-08-19T04:32:21.863Z] >>> [apiv2][query] POST https://upload-firebasehosting.googleapis.com/upload/sites/rentsoestate/versions/606159fb55731a75/files/5c997de1364b8be939319fa9209abd77f2caf7f8844999a9e2e9173f844e7840 [none]
[debug] [2022-08-19T04:32:21.864Z] >>> [apiv2][body] POST https://upload-firebasehosting.googleapis.com/upload/sites/rentsoestate/versions/606159fb55731a75/files/5c997de1364b8be939319fa9209abd77f2caf7f8844999a9e2e9173f844e7840 [stream]
[debug] [2022-08-19T04:32:21.867Z] >>> [apiv2][query] POST https://upload-firebasehosting.googleapis.com/upload/sites/rentsoestate/versions/606159fb55731a75/files/537d4d29ac255452530781da0540a2ba08209dfdd4ec9264cb3b8d55300ee2e3 [none]
[debug] [2022-08-19T04:32:21.867Z] >>> [apiv2][body] POST https://upload-firebasehosting.googleapis.com/upload/sites/rentsoestate/versions/606159fb55731a75/files/537d4d29ac255452530781da0540a2ba08209dfdd4ec9264cb3b8d55300ee2e3 [stream]
[debug] [2022-08-19T04:32:21.871Z] >>> [apiv2][query] POST https://upload-firebasehosting.googleapis.com/upload/sites/rentsoestate/versions/606159fb55731a75/files/c1befdbdae1624bd13c9186a0fd45682331f006fd6fd76e45dc7c830b7e6732a [none]
[debug] [2022-08-19T04:32:21.871Z] >>> [apiv2][body] POST https://upload-firebasehosting.googleapis.com/upload/sites/rentsoestate/versions/606159fb55731a75/files/c1befdbdae1624bd13c9186a0fd45682331f006fd6fd76e45dc7c830b7e6732a [stream]
[debug] [2022-08-19T04:32:21.874Z] >>> [apiv2][query] POST https://upload-firebasehosting.googleapis.com/upload/sites/rentsoestate/versions/606159fb55731a75/files/2aebe6f26a606c63b7cf350db4fc062948eae0d5c77b7bb92aeb160646d9ca7b [none]
[debug] [2022-08-19T04:32:21.874Z] >>> [apiv2][body] POST https://upload-firebasehosting.googleapis.com/upload/sites/rentsoestate/versions/606159fb55731a75/files/2aebe6f26a606c63b7cf350db4fc062948eae0d5c77b7bb92aeb160646d9ca7b [stream]
[debug] [2022-08-19T04:32:21.877Z] >>> [apiv2][query] POST https://upload-firebasehosting.googleapis.com/upload/sites/rentsoestate/versions/606159fb55731a75/files/c9ed2600c6c4d9018e9ef3fecba695baf37b5f175ec4a5299456a669ad2d4f8c [none]
[debug] [2022-08-19T04:32:21.877Z] >>> [apiv2][body] POST https://upload-firebasehosting.googleapis.com/upload/sites/rentsoestate/versions/606159fb55731a75/files/c9ed2600c6c4d9018e9ef3fecba695baf37b5f175ec4a5299456a669ad2d4f8c [stream]
[debug] [2022-08-19T04:32:21.880Z] >>> [apiv2][query] POST https://upload-firebasehosting.googleapis.com/upload/sites/rentsoestate/versions/606159fb55731a75/files/b2090cf9761ef60aa06e4fab97679bd43dfa5e5df073701ead5879d7c68f1ec5 [none]
[debug] [2022-08-19T04:32:21.880Z] >>> [apiv2][body] POST https://upload-firebasehosting.googleapis.com/upload/sites/rentsoestate/versions/606159fb55731a75/files/b2090cf9761ef60aa06e4fab97679bd43dfa5e5df073701ead5879d7c68f1ec5 [stream]
[debug] [2022-08-19T04:32:21.883Z] >>> [apiv2][query] POST https://upload-firebasehosting.googleapis.com/upload/sites/rentsoestate/versions/606159fb55731a75/files/ee7e2f3fdb8209c4b6fd7bef6ba50d1b9dba30a25bb5c3126df057e1cb6f5331 [none]
[debug] [2022-08-19T04:32:21.883Z] >>> [apiv2][body] POST https://upload-firebasehosting.googleapis.com/upload/sites/rentsoestate/versions/606159fb55731a75/files/ee7e2f3fdb8209c4b6fd7bef6ba50d1b9dba30a25bb5c3126df057e1cb6f5331 [stream]
[debug] [2022-08-19T04:32:21.886Z] >>> [apiv2][query] POST https://upload-firebasehosting.googleapis.com/upload/sites/rentsoestate/versions/606159fb55731a75/files/3ee59515172ee198f3be375979df15ac5345183e656720a381b8872b2a39dc8b [none]
[debug] [2022-08-19T04:32:21.886Z] >>> [apiv2][body] POST https://upload-firebasehosting.googleapis.com/upload/sites/rentsoestate/versions/606159fb55731a75/files/3ee59515172ee198f3be375979df15ac5345183e656720a381b8872b2a39dc8b [stream]
[debug] [2022-08-19T04:32:21.889Z] >>> [apiv2][query] POST https://upload-firebasehosting.googleapis.com/upload/sites/rentsoestate/versions/606159fb55731a75/files/51e5f0ba16955e06be4a183a45a3d83a414df57caf2ad06804c2232d8f128da6 [none]
[debug] [2022-08-19T04:32:21.889Z] >>> [apiv2][body] POST https://upload-firebasehosting.googleapis.com/upload/sites/rentsoestate/versions/606159fb55731a75/files/51e5f0ba16955e06be4a183a45a3d83a414df57caf2ad06804c2232d8f128da6 [stream]
[debug] [2022-08-19T04:32:21.891Z] >>> [apiv2][query] POST https://upload-firebasehosting.googleapis.com/upload/sites/rentsoestate/versions/606159fb55731a75/files/e1208d68832e489565caba6fe197213a82f547f7d11b117be2bb156165aec6a3 [none]
[debug] [2022-08-19T04:32:21.891Z] >>> [apiv2][body] POST https://upload-firebasehosting.googleapis.com/upload/sites/rentsoestate/versions/606159fb55731a75/files/e1208d68832e489565caba6fe197213a82f547f7d11b117be2bb156165aec6a3 [stream]
[debug] [2022-08-19T04:32:21.900Z] >>> [apiv2][query] POST https://upload-firebasehosting.googleapis.com/upload/sites/rentsoestate/versions/606159fb55731a75/files/b2b3c9bb8ace33ff63bc5c974aaa976d01f1982b5f2d59781ef3823839e597c0 [none]
[debug] [2022-08-19T04:32:21.902Z] >>> [apiv2][body] POST https://upload-firebasehosting.googleapis.com/upload/sites/rentsoestate/versions/606159fb55731a75/files/b2b3c9bb8ace33ff63bc5c974aaa976d01f1982b5f2d59781ef3823839e597c0 [stream]
[debug] [2022-08-19T04:32:21.904Z] >>> [apiv2][query] POST https://upload-firebasehosting.googleapis.com/upload/sites/rentsoestate/versions/606159fb55731a75/files/22c98df1d7ecf1ef1e75d7bca131c0d4d9678d78352689ea8ff725ef0048c48d [none]
[debug] [2022-08-19T04:32:21.904Z] >>> [apiv2][body] POST https://upload-firebasehosting.googleapis.com/upload/sites/rentsoestate/versions/606159fb55731a75/files/22c98df1d7ecf1ef1e75d7bca131c0d4d9678d78352689ea8ff725ef0048c48d [stream]
[debug] [2022-08-19T04:32:21.907Z] >>> [apiv2][query] POST https://upload-firebasehosting.googleapis.com/upload/sites/rentsoestate/versions/606159fb55731a75/files/c564a15a9a7d17a5eb590f9c196ec5c216f224902a9e5d118253079d0540156d [none]
[debug] [2022-08-19T04:32:21.907Z] >>> [apiv2][body] POST https://upload-firebasehosting.googleapis.com/upload/sites/rentsoestate/versions/606159fb55731a75/files/c564a15a9a7d17a5eb590f9c196ec5c216f224902a9e5d118253079d0540156d [stream]
[debug] [2022-08-19T04:32:21.909Z] >>> [apiv2][query] POST https://upload-firebasehosting.googleapis.com/upload/sites/rentsoestate/versions/606159fb55731a75/files/eb41976c007684195c6e0eb9480247a17c226616c39a353b044350b86ed19598 [none]
[debug] [2022-08-19T04:32:21.909Z] >>> [apiv2][body] POST https://upload-firebasehosting.googleapis.com/upload/sites/rentsoestate/versions/606159fb55731a75/files/eb41976c007684195c6e0eb9480247a17c226616c39a353b044350b86ed19598 [stream]
[debug] [2022-08-19T04:32:21.911Z] >>> [apiv2][query] POST https://upload-firebasehosting.googleapis.com/upload/sites/rentsoestate/versions/606159fb55731a75/files/42548399b6a2d066e61e1a071a495c627dafdf3bdb926bdc938ec19ddaf4079a [none]
[debug] [2022-08-19T04:32:21.911Z] >>> [apiv2][body] POST https://upload-firebasehosting.googleapis.com/upload/sites/rentsoestate/versions/606159fb55731a75/files/42548399b6a2d066e61e1a071a495c627dafdf3bdb926bdc938ec19ddaf4079a [stream]
[debug] [2022-08-19T04:32:21.914Z] >>> [apiv2][query] POST https://upload-firebasehosting.googleapis.com/upload/sites/rentsoestate/versions/606159fb55731a75/files/b060a95cd9fc4b5239f7713c01743e87c22d440e1a395335daf3396b23489d80 [none]
[debug] [2022-08-19T04:32:21.914Z] >>> [apiv2][body] POST https://upload-firebasehosting.googleapis.com/upload/sites/rentsoestate/versions/606159fb55731a75/files/b060a95cd9fc4b5239f7713c01743e87c22d440e1a395335daf3396b23489d80 [stream]
[debug] [2022-08-19T04:32:21.916Z] >>> [apiv2][query] POST https://upload-firebasehosting.googleapis.com/upload/sites/rentsoestate/versions/606159fb55731a75/files/5703cbbd4c24113bd6c5ac79e40aad9b05ca62e1bd8d4dcf38c8fb3d08137987 [none]
[debug] [2022-08-19T04:32:21.916Z] >>> [apiv2][body] POST https://upload-firebasehosting.googleapis.com/upload/sites/rentsoestate/versions/606159fb55731a75/files/5703cbbd4c24113bd6c5ac79e40aad9b05ca62e1bd8d4dcf38c8fb3d08137987 [stream]
[debug] [2022-08-19T04:32:21.918Z] >>> [apiv2][query] POST https://upload-firebasehosting.googleapis.com/upload/sites/rentsoestate/versions/606159fb55731a75/files/6164e4b64af740a2258b1add8ae49dc7ea16e1b802d00bb153d25781d553747a [none]
[debug] [2022-08-19T04:32:21.918Z] >>> [apiv2][body] POST https://upload-firebasehosting.googleapis.com/upload/sites/rentsoestate/versions/606159fb55731a75/files/6164e4b64af740a2258b1add8ae49dc7ea16e1b802d00bb153d25781d553747a [stream]
[debug] [2022-08-19T04:32:21.921Z] >>> [apiv2][query] POST https://upload-firebasehosting.googleapis.com/upload/sites/rentsoestate/versions/606159fb55731a75/files/7d2d855a4c37e75552d60d0b4b093cc1a43460d17e2421402d37be0014bd22d6 [none]
[debug] [2022-08-19T04:32:21.922Z] >>> [apiv2][body] POST https://upload-firebasehosting.googleapis.com/upload/sites/rentsoestate/versions/606159fb55731a75/files/7d2d855a4c37e75552d60d0b4b093cc1a43460d17e2421402d37be0014bd22d6 [stream]
[debug] [2022-08-19T04:32:21.925Z] >>> [apiv2][query] POST https://upload-firebasehosting.googleapis.com/upload/sites/rentsoestate/versions/606159fb55731a75/files/84e656cdad9bc19fe853f38be4acf24b5c3fd6b5913f6b6810c71bbbe0cdc43b [none]
[debug] [2022-08-19T04:32:21.925Z] >>> [apiv2][body] POST https://upload-firebasehosting.googleapis.com/upload/sites/rentsoestate/versions/606159fb55731a75/files/84e656cdad9bc19fe853f38be4acf24b5c3fd6b5913f6b6810c71bbbe0cdc43b [stream]
[debug] [2022-08-19T04:32:21.927Z] [hosting][populate queue][FINAL] {"max":1276,"min":1276,"avg":1276,"active":0,"complete":1,"success":1,"errored":0,"retried":0,"total":1,"elapsed":1352}
[debug] [2022-08-19T04:32:21.927Z] [hosting] uploads queued: 23
[debug] [2022-08-19T04:32:33.056Z] [uploadQueue] Retrying task 42548399b6a2d066e61e1a071a495c627dafdf3bdb926bdc938ec19ddaf4079a
[debug] [2022-08-19T04:32:33.058Z] >>> [apiv2][query] POST https://upload-firebasehosting.googleapis.com/upload/sites/rentsoestate/versions/606159fb55731a75/files/42548399b6a2d066e61e1a071a495c627dafdf3bdb926bdc938ec19ddaf4079a [none]
[debug] [2022-08-19T04:32:33.059Z] >>> [apiv2][body] POST https://upload-firebasehosting.googleapis.com/upload/sites/rentsoestate/versions/606159fb55731a75/files/42548399b6a2d066e61e1a071a495c627dafdf3bdb926bdc938ec19ddaf4079a [stream]
[debug] [2022-08-19T04:32:33.232Z] [uploadQueue] Retrying task c9ed2600c6c4d9018e9ef3fecba695baf37b5f175ec4a5299456a669ad2d4f8c
[debug] [2022-08-19T04:32:33.233Z] >>> [apiv2][query] POST https://upload-firebasehosting.googleapis.com/upload/sites/rentsoestate/versions/606159fb55731a75/files/c9ed2600c6c4d9018e9ef3fecba695baf37b5f175ec4a5299456a669ad2d4f8c [none]
[debug] [2022-08-19T04:32:33.233Z] >>> [apiv2][body] POST https://upload-firebasehosting.googleapis.com/upload/sites/rentsoestate/versions/606159fb55731a75/files/c9ed2600c6c4d9018e9ef3fecba695baf37b5f175ec4a5299456a669ad2d4f8c [stream]
[debug] [2022-08-19T04:32:33.280Z] [uploadQueue] Retrying task c564a15a9a7d17a5eb590f9c196ec5c216f224902a9e5d118253079d0540156d
[debug] [2022-08-19T04:32:33.281Z] >>> [apiv2][query] POST https://upload-firebasehosting.googleapis.com/upload/sites/rentsoestate/versions/606159fb55731a75/files/c564a15a9a7d17a5eb590f9c196ec5c216f224902a9e5d118253079d0540156d [none]
[debug] [2022-08-19T04:32:33.281Z] >>> [apiv2][body] POST https://upload-firebasehosting.googleapis.com/upload/sites/rentsoestate/versions/606159fb55731a75/files/c564a15a9a7d17a5eb590f9c196ec5c216f224902a9e5d118253079d0540156d [stream]
[debug] [2022-08-19T04:32:33.283Z] [uploadQueue] Retrying task 5c997de1364b8be939319fa9209abd77f2caf7f8844999a9e2e9173f844e7840
[debug] [2022-08-19T04:32:33.283Z] >>> [apiv2][query] POST https://upload-firebasehosting.googleapis.com/upload/sites/rentsoestate/versions/606159fb55731a75/files/5c997de1364b8be939319fa9209abd77f2caf7f8844999a9e2e9173f844e7840 [none]
[debug] [2022-08-19T04:32:33.283Z] >>> [apiv2][body] POST https://upload-firebasehosting.googleapis.com/upload/sites/rentsoestate/versions/606159fb55731a75/files/5c997de1364b8be939319fa9209abd77f2caf7f8844999a9e2e9173f844e7840 [stream]
[debug] [2022-08-19T04:32:33.285Z] [uploadQueue] Retrying task 51e5f0ba16955e06be4a183a45a3d83a414df57caf2ad06804c2232d8f128da6
[debug] [2022-08-19T04:32:33.285Z] >>> [apiv2][query] POST https://upload-firebasehosting.googleapis.com/upload/sites/rentsoestate/versions/606159fb55731a75/files/51e5f0ba16955e06be4a183a45a3d83a414df57caf2ad06804c2232d8f128da6 [none]
[debug] [2022-08-19T04:32:33.285Z] >>> [apiv2][body] POST https://upload-firebasehosting.googleapis.com/upload/sites/rentsoestate/versions/606159fb55731a75/files/51e5f0ba16955e06be4a183a45a3d83a414df57caf2ad06804c2232d8f128da6 [stream]
[debug] [2022-08-19T04:32:33.287Z] [uploadQueue] Retrying task 5703cbbd4c24113bd6c5ac79e40aad9b05ca62e1bd8d4dcf38c8fb3d08137987
[debug] [2022-08-19T04:32:33.288Z] >>> [apiv2][query] POST https://upload-firebasehosting.googleapis.com/upload/sites/rentsoestate/versions/606159fb55731a75/files/5703cbbd4c24113bd6c5ac79e40aad9b05ca62e1bd8d4dcf38c8fb3d08137987 [none]
[debug] [2022-08-19T04:32:33.288Z] >>> [apiv2][body] POST https://upload-firebasehosting.googleapis.com/upload/sites/rentsoestate/versions/606159fb55731a75/files/5703cbbd4c24113bd6c5ac79e40aad9b05ca62e1bd8d4dcf38c8fb3d08137987 [stream]
[debug] [2022-08-19T04:32:33.440Z] [uploadQueue] Retrying task bd283453304af7167b2ebd887cae79b72d1a2052f6bd749556ac833389aa52ae
[debug] [2022-08-19T04:32:33.441Z] >>> [apiv2][query] POST https://upload-firebasehosting.googleapis.com/upload/sites/rentsoestate/versions/606159fb55731a75/files/bd283453304af7167b2ebd887cae79b72d1a2052f6bd749556ac833389aa52ae [none]
[debug] [2022-08-19T04:32:33.441Z] >>> [apiv2][body] POST https://upload-firebasehosting.googleapis.com/upload/sites/rentsoestate/versions/606159fb55731a75/files/bd283453304af7167b2ebd887cae79b72d1a2052f6bd749556ac833389aa52ae [stream]
[debug] [2022-08-19T04:32:33.457Z] [uploadQueue] Retrying task c1befdbdae1624bd13c9186a0fd45682331f006fd6fd76e45dc7c830b7e6732a
[debug] [2022-08-19T04:32:33.458Z] >>> [apiv2][query] POST https://upload-firebasehosting.googleapis.com/upload/sites/rentsoestate/versions/606159fb55731a75/files/c1befdbdae1624bd13c9186a0fd45682331f006fd6fd76e45dc7c830b7e6732a [none]
[debug] [2022-08-19T04:32:33.458Z] >>> [apiv2][body] POST https://upload-firebasehosting.googleapis.com/upload/sites/rentsoestate/versions/606159fb55731a75/files/c1befdbdae1624bd13c9186a0fd45682331f006fd6fd76e45dc7c830b7e6732a [stream]
[debug] [2022-08-19T04:32:33.466Z] [uploadQueue] Retrying task ee7e2f3fdb8209c4b6fd7bef6ba50d1b9dba30a25bb5c3126df057e1cb6f5331
[debug] [2022-08-19T04:32:33.467Z] >>> [apiv2][query] POST https://upload-firebasehosting.googleapis.com/upload/sites/rentsoestate/versions/606159fb55731a75/files/ee7e2f3fdb8209c4b6fd7bef6ba50d1b9dba30a25bb5c3126df057e1cb6f5331 [none]
[debug] [2022-08-19T04:32:33.467Z] >>> [apiv2][body] POST https://upload-firebasehosting.googleapis.com/upload/sites/rentsoestate/versions/606159fb55731a75/files/ee7e2f3fdb8209c4b6fd7bef6ba50d1b9dba30a25bb5c3126df057e1cb6f5331 [stream]
[debug] [2022-08-19T04:32:33.487Z] [uploadQueue] Retrying task 7d2d855a4c37e75552d60d0b4b093cc1a43460d17e2421402d37be0014bd22d6
[debug] [2022-08-19T04:32:33.488Z] >>> [apiv2][query] POST https://upload-firebasehosting.googleapis.com/upload/sites/rentsoestate/versions/606159fb55731a75/files/7d2d855a4c37e75552d60d0b4b093cc1a43460d17e2421402d37be0014bd22d6 [none]
[debug] [2022-08-19T04:32:33.488Z] >>> [apiv2][body] POST https://upload-firebasehosting.googleapis.com/upload/sites/rentsoestate/versions/606159fb55731a75/files/7d2d855a4c37e75552d60d0b4b093cc1a43460d17e2421402d37be0014bd22d6 [stream]
[debug] [2022-08-19T04:32:33.490Z] [uploadQueue] Retrying task b2b3c9bb8ace33ff63bc5c974aaa976d01f1982b5f2d59781ef3823839e597c0
[debug] [2022-08-19T04:32:33.491Z] >>> [apiv2][query] POST https://upload-firebasehosting.googleapis.com/upload/sites/rentsoestate/versions/606159fb55731a75/files/b2b3c9bb8ace33ff63bc5c974aaa976d01f1982b5f2d59781ef3823839e597c0 [none]
[debug] [2022-08-19T04:32:33.491Z] >>> [apiv2][body] POST https://upload-firebasehosting.googleapis.com/upload/sites/rentsoestate/versions/606159fb55731a75/files/b2b3c9bb8ace33ff63bc5c974aaa976d01f1982b5f2d59781ef3823839e597c0 [stream]
[debug] [2022-08-19T04:32:33.495Z] [uploadQueue] Retrying task b060a95cd9fc4b5239f7713c01743e87c22d440e1a395335daf3396b23489d80
[debug] [2022-08-19T04:32:33.496Z] >>> [apiv2][query] POST https://upload-firebasehosting.googleapis.com/upload/sites/rentsoestate/versions/606159fb55731a75/files/b060a95cd9fc4b5239f7713c01743e87c22d440e1a395335daf3396b23489d80 [none]
[debug] [2022-08-19T04:32:33.496Z] >>> [apiv2][body] POST https://upload-firebasehosting.googleapis.com/upload/sites/rentsoestate/versions/606159fb55731a75/files/b060a95cd9fc4b5239f7713c01743e87c22d440e1a395335daf3396b23489d80 [stream]
[debug] [2022-08-19T04:32:33.852Z] [uploadQueue] Retrying task 702401aa957c9b1ebfafbaf807746d8325b2e7a4614193f18e3bd437c77cda77
[debug] [2022-08-19T04:32:33.852Z] >>> [apiv2][query] POST https://upload-firebasehosting.googleapis.com/upload/sites/rentsoestate/versions/606159fb55731a75/files/702401aa957c9b1ebfafbaf807746d8325b2e7a4614193f18e3bd437c77cda77 [none]
[debug] [2022-08-19T04:32:33.853Z] >>> [apiv2][body] POST https://upload-firebasehosting.googleapis.com/upload/sites/rentsoestate/versions/606159fb55731a75/files/702401aa957c9b1ebfafbaf807746d8325b2e7a4614193f18e3bd437c77cda77 [stream]
[debug] [2022-08-19T04:32:33.856Z] [uploadQueue] Retrying task 6164e4b64af740a2258b1add8ae49dc7ea16e1b802d00bb153d25781d553747a
[debug] [2022-08-19T04:32:33.857Z] >>> [apiv2][query] POST https://upload-firebasehosting.googleapis.com/upload/sites/rentsoestate/versions/606159fb55731a75/files/6164e4b64af740a2258b1add8ae49dc7ea16e1b802d00bb153d25781d553747a [none]
[debug] [2022-08-19T04:32:33.857Z] >>> [apiv2][body] POST https://upload-firebasehosting.googleapis.com/upload/sites/rentsoestate/versions/606159fb55731a75/files/6164e4b64af740a2258b1add8ae49dc7ea16e1b802d00bb153d25781d553747a [stream]
[debug] [2022-08-19T04:32:33.864Z] [uploadQueue] Retrying task 537d4d29ac255452530781da0540a2ba08209dfdd4ec9264cb3b8d55300ee2e3
[debug] [2022-08-19T04:32:33.864Z] >>> [apiv2][query] POST https://upload-firebasehosting.googleapis.com/upload/sites/rentsoestate/versions/606159fb55731a75/files/537d4d29ac255452530781da0540a2ba08209dfdd4ec9264cb3b8d55300ee2e3 [none]
[debug] [2022-08-19T04:32:33.865Z] >>> [apiv2][body] POST https://upload-firebasehosting.googleapis.com/upload/sites/rentsoestate/versions/606159fb55731a75/files/537d4d29ac255452530781da0540a2ba08209dfdd4ec9264cb3b8d55300ee2e3 [stream]
[debug] [2022-08-19T04:32:33.866Z] [uploadQueue] Retrying task b2090cf9761ef60aa06e4fab97679bd43dfa5e5df073701ead5879d7c68f1ec5
[debug] [2022-08-19T04:32:33.866Z] >>> [apiv2][query] POST https://upload-firebasehosting.googleapis.com/upload/sites/rentsoestate/versions/606159fb55731a75/files/b2090cf9761ef60aa06e4fab97679bd43dfa5e5df073701ead5879d7c68f1ec5 [none]
[debug] [2022-08-19T04:32:33.867Z] >>> [apiv2][body] POST https://upload-firebasehosting.googleapis.com/upload/sites/rentsoestate/versions/606159fb55731a75/files/b2090cf9761ef60aa06e4fab97679bd43dfa5e5df073701ead5879d7c68f1ec5 [stream]
[debug] [2022-08-19T04:32:33.868Z] [uploadQueue] Retrying task e1208d68832e489565caba6fe197213a82f547f7d11b117be2bb156165aec6a3
[debug] [2022-08-19T04:32:33.868Z] >>> [apiv2][query] POST https://upload-firebasehosting.googleapis.com/upload/sites/rentsoestate/versions/606159fb55731a75/files/e1208d68832e489565caba6fe197213a82f547f7d11b117be2bb156165aec6a3 [none]
[debug] [2022-08-19T04:32:33.868Z] >>> [apiv2][body] POST https://upload-firebasehosting.googleapis.com/upload/sites/rentsoestate/versions/606159fb55731a75/files/e1208d68832e489565caba6fe197213a82f547f7d11b117be2bb156165aec6a3 [stream]
[debug] [2022-08-19T04:32:33.870Z] [uploadQueue] Retrying task eb41976c007684195c6e0eb9480247a17c226616c39a353b044350b86ed19598
[debug] [2022-08-19T04:32:33.870Z] >>> [apiv2][query] POST https://upload-firebasehosting.googleapis.com/upload/sites/rentsoestate/versions/606159fb55731a75/files/eb41976c007684195c6e0eb9480247a17c226616c39a353b044350b86ed19598 [none]
[debug] [2022-08-19T04:32:33.871Z] >>> [apiv2][body] POST https://upload-firebasehosting.googleapis.com/upload/sites/rentsoestate/versions/606159fb55731a75/files/eb41976c007684195c6e0eb9480247a17c226616c39a353b044350b86ed19598 [stream]
[debug] [2022-08-19T04:32:34.662Z] [uploadQueue] Retrying task 3ee59515172ee198f3be375979df15ac5345183e656720a381b8872b2a39dc8b
[debug] [2022-08-19T04:32:34.663Z] >>> [apiv2][query] POST https://upload-firebasehosting.googleapis.com/upload/sites/rentsoestate/versions/606159fb55731a75/files/3ee59515172ee198f3be375979df15ac5345183e656720a381b8872b2a39dc8b [none]
[debug] [2022-08-19T04:32:34.663Z] >>> [apiv2][body] POST https://upload-firebasehosting.googleapis.com/upload/sites/rentsoestate/versions/606159fb55731a75/files/3ee59515172ee198f3be375979df15ac5345183e656720a381b8872b2a39dc8b [stream]
[debug] [2022-08-19T04:32:34.677Z] [uploadQueue] Retrying task 84e656cdad9bc19fe853f38be4acf24b5c3fd6b5913f6b6810c71bbbe0cdc43b
[debug] [2022-08-19T04:32:34.678Z] >>> [apiv2][query] POST https://upload-firebasehosting.googleapis.com/upload/sites/rentsoestate/versions/606159fb55731a75/files/84e656cdad9bc19fe853f38be4acf24b5c3fd6b5913f6b6810c71bbbe0cdc43b [none]
[debug] [2022-08-19T04:32:34.678Z] >>> [apiv2][body] POST https://upload-firebasehosting.googleapis.com/upload/sites/rentsoestate/versions/606159fb55731a75/files/84e656cdad9bc19fe853f38be4acf24b5c3fd6b5913f6b6810c71bbbe0cdc43b [stream]
[debug] [2022-08-19T04:32:34.680Z] [uploadQueue] Retrying task eae62e993eb980ec8a25058c39d5a51feab118bd2100c4deebb2a9c158ec11f9
[debug] [2022-08-19T04:32:34.681Z] >>> [apiv2][query] POST https://upload-firebasehosting.googleapis.com/upload/sites/rentsoestate/versions/606159fb55731a75/files/eae62e993eb980ec8a25058c39d5a51feab118bd2100c4deebb2a9c158ec11f9 [none]
[debug] [2022-08-19T04:32:34.682Z] >>> [apiv2][body] POST https://upload-firebasehosting.googleapis.com/upload/sites/rentsoestate/versions/606159fb55731a75/files/eae62e993eb980ec8a25058c39d5a51feab118bd2100c4deebb2a9c158ec11f9 [stream]
[debug] [2022-08-19T04:32:34.684Z] [uploadQueue] Retrying task 2aebe6f26a606c63b7cf350db4fc062948eae0d5c77b7bb92aeb160646d9ca7b
[debug] [2022-08-19T04:32:34.686Z] >>> [apiv2][query] POST https://upload-firebasehosting.googleapis.com/upload/sites/rentsoestate/versions/606159fb55731a75/files/2aebe6f26a606c63b7cf350db4fc062948eae0d5c77b7bb92aeb160646d9ca7b [none]
[debug] [2022-08-19T04:32:34.687Z] >>> [apiv2][body] POST https://upload-firebasehosting.googleapis.com/upload/sites/rentsoestate/versions/606159fb55731a75/files/2aebe6f26a606c63b7cf350db4fc062948eae0d5c77b7bb92aeb160646d9ca7b [stream]
[debug] [2022-08-19T04:32:34.688Z] [uploadQueue] Retrying task 22c98df1d7ecf1ef1e75d7bca131c0d4d9678d78352689ea8ff725ef0048c48d
[debug] [2022-08-19T04:32:34.689Z] >>> [apiv2][query] POST https://upload-firebasehosting.googleapis.com/upload/sites/rentsoestate/versions/606159fb55731a75/files/22c98df1d7ecf1ef1e75d7bca131c0d4d9678d78352689ea8ff725ef0048c48d [none]
[debug] [2022-08-19T04:32:34.689Z] >>> [apiv2][body] POST https://upload-firebasehosting.googleapis.com/upload/sites/rentsoestate/versions/606159fb55731a75/files/22c98df1d7ecf1ef1e75d7bca131c0d4d9678d78352689ea8ff725ef0048c48d [stream]
[debug] [2022-08-19T04:32:45.021Z] [uploadQueue] Retrying task e1208d68832e489565caba6fe197213a82f547f7d11b117be2bb156165aec6a3
[debug] [2022-08-19T04:32:45.021Z] >>> [apiv2][query] POST https://upload-firebasehosting.googleapis.com/upload/sites/rentsoestate/versions/606159fb55731a75/files/e1208d68832e489565caba6fe197213a82f547f7d11b117be2bb156165aec6a3 [none]
[debug] [2022-08-19T04:32:45.021Z] >>> [apiv2][body] POST https://upload-firebasehosting.googleapis.com/upload/sites/rentsoestate/versions/606159fb55731a75/files/e1208d68832e489565caba6fe197213a82f547f7d11b117be2bb156165aec6a3 [stream]
[debug] [2022-08-19T04:32:45.726Z] [uploadQueue] Retrying task c564a15a9a7d17a5eb590f9c196ec5c216f224902a9e5d118253079d0540156d
[debug] [2022-08-19T04:32:45.729Z] >>> [apiv2][query] POST https://upload-firebasehosting.googleapis.com/upload/sites/rentsoestate/versions/606159fb55731a75/files/c564a15a9a7d17a5eb590f9c196ec5c216f224902a9e5d118253079d0540156d [none]
[debug] [2022-08-19T04:32:45.729Z] >>> [apiv2][body] POST https://upload-firebasehosting.googleapis.com/upload/sites/rentsoestate/versions/606159fb55731a75/files/c564a15a9a7d17a5eb590f9c196ec5c216f224902a9e5d118253079d0540156d [stream]
[debug] [2022-08-19T04:32:45.734Z] [uploadQueue] Retrying task 2aebe6f26a606c63b7cf350db4fc062948eae0d5c77b7bb92aeb160646d9ca7b
[debug] [2022-08-19T04:32:45.735Z] >>> [apiv2][query] POST https://upload-firebasehosting.googleapis.com/upload/sites/rentsoestate/versions/606159fb55731a75/files/2aebe6f26a606c63b7cf350db4fc062948eae0d5c77b7bb92aeb160646d9ca7b [none]
[debug] [2022-08-19T04:32:45.735Z] >>> [apiv2][body] POST https://upload-firebasehosting.googleapis.com/upload/sites/rentsoestate/versions/606159fb55731a75/files/2aebe6f26a606c63b7cf350db4fc062948eae0d5c77b7bb92aeb160646d9ca7b [stream]
[debug] [2022-08-19T04:32:45.737Z] [uploadQueue] Retrying task bd283453304af7167b2ebd887cae79b72d1a2052f6bd749556ac833389aa52ae
[debug] [2022-08-19T04:32:45.738Z] >>> [apiv2][query] POST https://upload-firebasehosting.googleapis.com/upload/sites/rentsoestate/versions/606159fb55731a75/files/bd283453304af7167b2ebd887cae79b72d1a2052f6bd749556ac833389aa52ae [none]
[debug] [2022-08-19T04:32:45.738Z] >>> [apiv2][body] POST https://upload-firebasehosting.googleapis.com/upload/sites/rentsoestate/versions/606159fb55731a75/files/bd283453304af7167b2ebd887cae79b72d1a2052f6bd749556ac833389aa52ae [stream]
[debug] [2022-08-19T04:32:45.740Z] [uploadQueue] Retrying task b2b3c9bb8ace33ff63bc5c974aaa976d01f1982b5f2d59781ef3823839e597c0
[debug] [2022-08-19T04:32:45.741Z] >>> [apiv2][query] POST https://upload-firebasehosting.googleapis.com/upload/sites/rentsoestate/versions/606159fb55731a75/files/b2b3c9bb8ace33ff63bc5c974aaa976d01f1982b5f2d59781ef3823839e597c0 [none]
[debug] [2022-08-19T04:32:45.741Z] >>> [apiv2][body] POST https://upload-firebasehosting.googleapis.com/upload/sites/rentsoestate/versions/606159fb55731a75/files/b2b3c9bb8ace33ff63bc5c974aaa976d01f1982b5f2d59781ef3823839e597c0 [stream]
[debug] [2022-08-19T04:32:45.742Z] [uploadQueue] Retrying task 537d4d29ac255452530781da0540a2ba08209dfdd4ec9264cb3b8d55300ee2e3
[debug] [2022-08-19T04:32:45.743Z] >>> [apiv2][query] POST https://upload-firebasehosting.googleapis.com/upload/sites/rentsoestate/versions/606159fb55731a75/files/537d4d29ac255452530781da0540a2ba08209dfdd4ec9264cb3b8d55300ee2e3 [none]
[debug] [2022-08-19T04:32:45.743Z] >>> [apiv2][body] POST https://upload-firebasehosting.googleapis.com/upload/sites/rentsoestate/versions/606159fb55731a75/files/537d4d29ac255452530781da0540a2ba08209dfdd4ec9264cb3b8d55300ee2e3 [stream]
[debug] [2022-08-19T04:32:46.258Z] [uploadQueue] Retrying task eb41976c007684195c6e0eb9480247a17c226616c39a353b044350b86ed19598
[debug] [2022-08-19T04:32:46.259Z] >>> [apiv2][query] POST https://upload-firebasehosting.googleapis.com/upload/sites/rentsoestate/versions/606159fb55731a75/files/eb41976c007684195c6e0eb9480247a17c226616c39a353b044350b86ed19598 [none]
[debug] [2022-08-19T04:32:46.259Z] >>> [apiv2][body] POST https://upload-firebasehosting.googleapis.com/upload/sites/rentsoestate/versions/606159fb55731a75/files/eb41976c007684195c6e0eb9480247a17c226616c39a353b044350b86ed19598 [stream]
[debug] [2022-08-19T04:32:47.347Z] [uploadQueue] Retrying task 3ee59515172ee198f3be375979df15ac5345183e656720a381b8872b2a39dc8b
[debug] [2022-08-19T04:32:47.348Z] >>> [apiv2][query] POST https://upload-firebasehosting.googleapis.com/upload/sites/rentsoestate/versions/606159fb55731a75/files/3ee59515172ee198f3be375979df15ac5345183e656720a381b8872b2a39dc8b [none]
[debug] [2022-08-19T04:32:47.348Z] >>> [apiv2][body] POST https://upload-firebasehosting.googleapis.com/upload/sites/rentsoestate/versions/606159fb55731a75/files/3ee59515172ee198f3be375979df15ac5345183e656720a381b8872b2a39dc8b [stream]
[debug] [2022-08-19T04:32:49.104Z] [uploadQueue] Retrying task 42548399b6a2d066e61e1a071a495c627dafdf3bdb926bdc938ec19ddaf4079a
[debug] [2022-08-19T04:32:49.105Z] >>> [apiv2][query] POST https://upload-firebasehosting.googleapis.com/upload/sites/rentsoestate/versions/606159fb55731a75/files/42548399b6a2d066e61e1a071a495c627dafdf3bdb926bdc938ec19ddaf4079a [none]
[debug] [2022-08-19T04:32:49.105Z] >>> [apiv2][body] POST https://upload-firebasehosting.googleapis.com/upload/sites/rentsoestate/versions/606159fb55731a75/files/42548399b6a2d066e61e1a071a495c627dafdf3bdb926bdc938ec19ddaf4079a [stream]
[debug] [2022-08-19T04:32:49.107Z] [uploadQueue] Retrying task 51e5f0ba16955e06be4a183a45a3d83a414df57caf2ad06804c2232d8f128da6
[debug] [2022-08-19T04:32:49.108Z] >>> [apiv2][query] POST https://upload-firebasehosting.googleapis.com/upload/sites/rentsoestate/versions/606159fb55731a75/files/51e5f0ba16955e06be4a183a45a3d83a414df57caf2ad06804c2232d8f128da6 [none]
[debug] [2022-08-19T04:32:49.108Z] >>> [apiv2][body] POST https://upload-firebasehosting.googleapis.com/upload/sites/rentsoestate/versions/606159fb55731a75/files/51e5f0ba16955e06be4a183a45a3d83a414df57caf2ad06804c2232d8f128da6 [stream]
[debug] [2022-08-19T04:32:49.109Z] [uploadQueue] Retrying task ee7e2f3fdb8209c4b6fd7bef6ba50d1b9dba30a25bb5c3126df057e1cb6f5331
[debug] [2022-08-19T04:32:49.110Z] >>> [apiv2][query] POST https://upload-firebasehosting.googleapis.com/upload/sites/rentsoestate/versions/606159fb55731a75/files/ee7e2f3fdb8209c4b6fd7bef6ba50d1b9dba30a25bb5c3126df057e1cb6f5331 [none]
[debug] [2022-08-19T04:32:49.110Z] >>> [apiv2][body] POST https://upload-firebasehosting.googleapis.com/upload/sites/rentsoestate/versions/606159fb55731a75/files/ee7e2f3fdb8209c4b6fd7bef6ba50d1b9dba30a25bb5c3126df057e1cb6f5331 [stream]
[debug] [2022-08-19T04:32:49.111Z] [uploadQueue] Retrying task 84e656cdad9bc19fe853f38be4acf24b5c3fd6b5913f6b6810c71bbbe0cdc43b
[debug] [2022-08-19T04:32:49.112Z] >>> [apiv2][query] POST https://upload-firebasehosting.googleapis.com/upload/sites/rentsoestate/versions/606159fb55731a75/files/84e656cdad9bc19fe853f38be4acf24b5c3fd6b5913f6b6810c71bbbe0cdc43b [none]
[debug] [2022-08-19T04:32:49.112Z] >>> [apiv2][body] POST https://upload-firebasehosting.googleapis.com/upload/sites/rentsoestate/versions/606159fb55731a75/files/84e656cdad9bc19fe853f38be4acf24b5c3fd6b5913f6b6810c71bbbe0cdc43b [stream]
[debug] [2022-08-19T04:32:49.113Z] [uploadQueue] Retrying task 702401aa957c9b1ebfafbaf807746d8325b2e7a4614193f18e3bd437c77cda77
[debug] [2022-08-19T04:32:49.113Z] >>> [apiv2][query] POST https://upload-firebasehosting.googleapis.com/upload/sites/rentsoestate/versions/606159fb55731a75/files/702401aa957c9b1ebfafbaf807746d8325b2e7a4614193f18e3bd437c77cda77 [none]
[debug] [2022-08-19T04:32:49.114Z] >>> [apiv2][body] POST https://upload-firebasehosting.googleapis.com/upload/sites/rentsoestate/versions/606159fb55731a75/files/702401aa957c9b1ebfafbaf807746d8325b2e7a4614193f18e3bd437c77cda77 [stream]
[debug] [2022-08-19T04:32:50.248Z] [uploadQueue] Retrying task c9ed2600c6c4d9018e9ef3fecba695baf37b5f175ec4a5299456a669ad2d4f8c
[debug] [2022-08-19T04:32:50.249Z] >>> [apiv2][query] POST https://upload-firebasehosting.googleapis.com/upload/sites/rentsoestate/versions/606159fb55731a75/files/c9ed2600c6c4d9018e9ef3fecba695baf37b5f175ec4a5299456a669ad2d4f8c [none]
[debug] [2022-08-19T04:32:50.250Z] >>> [apiv2][body] POST https://upload-firebasehosting.googleapis.com/upload/sites/rentsoestate/versions/606159fb55731a75/files/c9ed2600c6c4d9018e9ef3fecba695baf37b5f175ec4a5299456a669ad2d4f8c [stream]
[debug] [2022-08-19T04:32:50.251Z] [uploadQueue] Retrying task eae62e993eb980ec8a25058c39d5a51feab118bd2100c4deebb2a9c158ec11f9
[debug] [2022-08-19T04:32:50.252Z] >>> [apiv2][query] POST https://upload-firebasehosting.googleapis.com/upload/sites/rentsoestate/versions/606159fb55731a75/files/eae62e993eb980ec8a25058c39d5a51feab118bd2100c4deebb2a9c158ec11f9 [none]
[debug] [2022-08-19T04:32:50.252Z] >>> [apiv2][body] POST https://upload-firebasehosting.googleapis.com/upload/sites/rentsoestate/versions/606159fb55731a75/files/eae62e993eb980ec8a25058c39d5a51feab118bd2100c4deebb2a9c158ec11f9 [stream]
[debug] [2022-08-19T04:32:50.254Z] [uploadQueue] Retrying task 5703cbbd4c24113bd6c5ac79e40aad9b05ca62e1bd8d4dcf38c8fb3d08137987
[debug] [2022-08-19T04:32:50.254Z] >>> [apiv2][query] POST https://upload-firebasehosting.googleapis.com/upload/sites/rentsoestate/versions/606159fb55731a75/files/5703cbbd4c24113bd6c5ac79e40aad9b05ca62e1bd8d4dcf38c8fb3d08137987 [none]
[debug] [2022-08-19T04:32:50.255Z] >>> [apiv2][body] POST https://upload-firebasehosting.googleapis.com/upload/sites/rentsoestate/versions/606159fb55731a75/files/5703cbbd4c24113bd6c5ac79e40aad9b05ca62e1bd8d4dcf38c8fb3d08137987 [stream]
[debug] [2022-08-19T04:32:50.257Z] [uploadQueue] Retrying task 7d2d855a4c37e75552d60d0b4b093cc1a43460d17e2421402d37be0014bd22d6
[debug] [2022-08-19T04:32:50.258Z] >>> [apiv2][query] POST https://upload-firebasehosting.googleapis.com/upload/sites/rentsoestate/versions/606159fb55731a75/files/7d2d855a4c37e75552d60d0b4b093cc1a43460d17e2421402d37be0014bd22d6 [none]
[debug] [2022-08-19T04:32:50.258Z] >>> [apiv2][body] POST https://upload-firebasehosting.googleapis.com/upload/sites/rentsoestate/versions/606159fb55731a75/files/7d2d855a4c37e75552d60d0b4b093cc1a43460d17e2421402d37be0014bd22d6 [stream]
[debug] [2022-08-19T04:32:50.259Z] [uploadQueue] Retrying task 6164e4b64af740a2258b1add8ae49dc7ea16e1b802d00bb153d25781d553747a
[debug] [2022-08-19T04:32:50.260Z] >>> [apiv2][query] POST https://upload-firebasehosting.googleapis.com/upload/sites/rentsoestate/versions/606159fb55731a75/files/6164e4b64af740a2258b1add8ae49dc7ea16e1b802d00bb153d25781d553747a [none]
[debug] [2022-08-19T04:32:50.260Z] >>> [apiv2][body] POST https://upload-firebasehosting.googleapis.com/upload/sites/rentsoestate/versions/606159fb55731a75/files/6164e4b64af740a2258b1add8ae49dc7ea16e1b802d00bb153d25781d553747a [stream]
[debug] [2022-08-19T04:32:51.285Z] [uploadQueue] Retrying task 5c997de1364b8be939319fa9209abd77f2caf7f8844999a9e2e9173f844e7840
[debug] [2022-08-19T04:32:51.287Z] >>> [apiv2][query] POST https://upload-firebasehosting.googleapis.com/upload/sites/rentsoestate/versions/606159fb55731a75/files/5c997de1364b8be939319fa9209abd77f2caf7f8844999a9e2e9173f844e7840 [none]
[debug] [2022-08-19T04:32:51.287Z] >>> [apiv2][body] POST https://upload-firebasehosting.googleapis.com/upload/sites/rentsoestate/versions/606159fb55731a75/files/5c997de1364b8be939319fa9209abd77f2caf7f8844999a9e2e9173f844e7840 [stream]
[debug] [2022-08-19T04:32:51.288Z] [uploadQueue] Retrying task c1befdbdae1624bd13c9186a0fd45682331f006fd6fd76e45dc7c830b7e6732a
[debug] [2022-08-19T04:32:51.289Z] >>> [apiv2][query] POST https://upload-firebasehosting.googleapis.com/upload/sites/rentsoestate/versions/606159fb55731a75/files/c1befdbdae1624bd13c9186a0fd45682331f006fd6fd76e45dc7c830b7e6732a [none]
[debug] [2022-08-19T04:32:51.289Z] >>> [apiv2][body] POST https://upload-firebasehosting.googleapis.com/upload/sites/rentsoestate/versions/606159fb55731a75/files/c1befdbdae1624bd13c9186a0fd45682331f006fd6fd76e45dc7c830b7e6732a [stream]
[debug] [2022-08-19T04:32:51.292Z] [uploadQueue] Retrying task 22c98df1d7ecf1ef1e75d7bca131c0d4d9678d78352689ea8ff725ef0048c48d
[debug] [2022-08-19T04:32:51.292Z] >>> [apiv2][query] POST https://upload-firebasehosting.googleapis.com/upload/sites/rentsoestate/versions/606159fb55731a75/files/22c98df1d7ecf1ef1e75d7bca131c0d4d9678d78352689ea8ff725ef0048c48d [none]
[debug] [2022-08-19T04:32:51.292Z] >>> [apiv2][body] POST https://upload-firebasehosting.googleapis.com/upload/sites/rentsoestate/versions/606159fb55731a75/files/22c98df1d7ecf1ef1e75d7bca131c0d4d9678d78352689ea8ff725ef0048c48d [stream]
[debug] [2022-08-19T04:32:51.296Z] [uploadQueue] Retrying task b060a95cd9fc4b5239f7713c01743e87c22d440e1a395335daf3396b23489d80
[debug] [2022-08-19T04:32:51.297Z] >>> [apiv2][query] POST https://upload-firebasehosting.googleapis.com/upload/sites/rentsoestate/versions/606159fb55731a75/files/b060a95cd9fc4b5239f7713c01743e87c22d440e1a395335daf3396b23489d80 [none]
[debug] [2022-08-19T04:32:51.297Z] >>> [apiv2][body] POST https://upload-firebasehosting.googleapis.com/upload/sites/rentsoestate/versions/606159fb55731a75/files/b060a95cd9fc4b5239f7713c01743e87c22d440e1a395335daf3396b23489d80 [stream]
[debug] [2022-08-19T04:32:51.303Z] [uploadQueue] Retrying task b2090cf9761ef60aa06e4fab97679bd43dfa5e5df073701ead5879d7c68f1ec5
[debug] [2022-08-19T04:32:51.303Z] >>> [apiv2][query] POST https://upload-firebasehosting.googleapis.com/upload/sites/rentsoestate/versions/606159fb55731a75/files/b2090cf9761ef60aa06e4fab97679bd43dfa5e5df073701ead5879d7c68f1ec5 [none]
[debug] [2022-08-19T04:32:51.304Z] >>> [apiv2][body] POST https://upload-firebasehosting.googleapis.com/upload/sites/rentsoestate/versions/606159fb55731a75/files/b2090cf9761ef60aa06e4fab97679bd43dfa5e5df073701ead5879d7c68f1ec5 [stream]
[debug] [2022-08-19T04:32:57.627Z] [uploadQueue] Retrying task b2b3c9bb8ace33ff63bc5c974aaa976d01f1982b5f2d59781ef3823839e597c0
[debug] [2022-08-19T04:32:57.629Z] >>> [apiv2][query] POST https://upload-firebasehosting.googleapis.com/upload/sites/rentsoestate/versions/606159fb55731a75/files/b2b3c9bb8ace33ff63bc5c974aaa976d01f1982b5f2d59781ef3823839e597c0 [none]
[debug] [2022-08-19T04:32:57.629Z] >>> [apiv2][body] POST https://upload-firebasehosting.googleapis.com/upload/sites/rentsoestate/versions/606159fb55731a75/files/b2b3c9bb8ace33ff63bc5c974aaa976d01f1982b5f2d59781ef3823839e597c0 [stream]
[debug] [2022-08-19T04:32:58.969Z] [uploadQueue] Retrying task eb41976c007684195c6e0eb9480247a17c226616c39a353b044350b86ed19598
[debug] [2022-08-19T04:32:58.970Z] >>> [apiv2][query] POST https://upload-firebasehosting.googleapis.com/upload/sites/rentsoestate/versions/606159fb55731a75/files/eb41976c007684195c6e0eb9480247a17c226616c39a353b044350b86ed19598 [none]
[debug] [2022-08-19T04:32:58.970Z] >>> [apiv2][body] POST https://upload-firebasehosting.googleapis.com/upload/sites/rentsoestate/versions/606159fb55731a75/files/eb41976c007684195c6e0eb9480247a17c226616c39a353b044350b86ed19598 [stream]
[debug] [2022-08-19T04:33:01.630Z] [uploadQueue] Retrying task 3ee59515172ee198f3be375979df15ac5345183e656720a381b8872b2a39dc8b
[debug] [2022-08-19T04:33:01.633Z] >>> [apiv2][query] POST https://upload-firebasehosting.googleapis.com/upload/sites/rentsoestate/versions/606159fb55731a75/files/3ee59515172ee198f3be375979df15ac5345183e656720a381b8872b2a39dc8b [none]
[debug] [2022-08-19T04:33:01.634Z] >>> [apiv2][body] POST https://upload-firebasehosting.googleapis.com/upload/sites/rentsoestate/versions/606159fb55731a75/files/3ee59515172ee198f3be375979df15ac5345183e656720a381b8872b2a39dc8b [stream]
[debug] [2022-08-19T04:33:01.720Z] [uploadQueue] Retrying task 537d4d29ac255452530781da0540a2ba08209dfdd4ec9264cb3b8d55300ee2e3
[debug] [2022-08-19T04:33:01.721Z] >>> [apiv2][query] POST https://upload-firebasehosting.googleapis.com/upload/sites/rentsoestate/versions/606159fb55731a75/files/537d4d29ac255452530781da0540a2ba08209dfdd4ec9264cb3b8d55300ee2e3 [none]
[debug] [2022-08-19T04:33:01.722Z] >>> [apiv2][body] POST https://upload-firebasehosting.googleapis.com/upload/sites/rentsoestate/versions/606159fb55731a75/files/537d4d29ac255452530781da0540a2ba08209dfdd4ec9264cb3b8d55300ee2e3 [stream]
[debug] [2022-08-19T04:33:01.798Z] [uploadQueue] Retrying task 42548399b6a2d066e61e1a071a495c627dafdf3bdb926bdc938ec19ddaf4079a
[debug] [2022-08-19T04:33:01.799Z] >>> [apiv2][query] POST https://upload-firebasehosting.googleapis.com/upload/sites/rentsoestate/versions/606159fb55731a75/files/42548399b6a2d066e61e1a071a495c627dafdf3bdb926bdc938ec19ddaf4079a [none]
[debug] [2022-08-19T04:33:01.799Z] >>> [apiv2][body] POST https://upload-firebasehosting.googleapis.com/upload/sites/rentsoestate/versions/606159fb55731a75/files/42548399b6a2d066e61e1a071a495c627dafdf3bdb926bdc938ec19ddaf4079a [stream]
[debug] [2022-08-19T04:33:02.621Z] [uploadQueue] Retrying task 51e5f0ba16955e06be4a183a45a3d83a414df57caf2ad06804c2232d8f128da6
[debug] [2022-08-19T04:33:02.622Z] >>> [apiv2][query] POST https://upload-firebasehosting.googleapis.com/upload/sites/rentsoestate/versions/606159fb55731a75/files/51e5f0ba16955e06be4a183a45a3d83a414df57caf2ad06804c2232d8f128da6 [none]
[debug] [2022-08-19T04:33:02.622Z] >>> [apiv2][body] POST https://upload-firebasehosting.googleapis.com/upload/sites/rentsoestate/versions/606159fb55731a75/files/51e5f0ba16955e06be4a183a45a3d83a414df57caf2ad06804c2232d8f128da6 [stream]
[debug] [2022-08-19T04:33:02.886Z] [uploadQueue] Retrying task bd283453304af7167b2ebd887cae79b72d1a2052f6bd749556ac833389aa52ae
[debug] [2022-08-19T04:33:02.889Z] >>> [apiv2][query] POST https://upload-firebasehosting.googleapis.com/upload/sites/rentsoestate/versions/606159fb55731a75/files/bd283453304af7167b2ebd887cae79b72d1a2052f6bd749556ac833389aa52ae [none]
[debug] [2022-08-19T04:33:02.890Z] >>> [apiv2][body] POST https://upload-firebasehosting.googleapis.com/upload/sites/rentsoestate/versions/606159fb55731a75/files/bd283453304af7167b2ebd887cae79b72d1a2052f6bd749556ac833389aa52ae [stream]
[debug] [2022-08-19T04:33:02.955Z] [uploadQueue] Retrying task c9ed2600c6c4d9018e9ef3fecba695baf37b5f175ec4a5299456a669ad2d4f8c
[debug] [2022-08-19T04:33:02.957Z] >>> [apiv2][query] POST https://upload-firebasehosting.googleapis.com/upload/sites/rentsoestate/versions/606159fb55731a75/files/c9ed2600c6c4d9018e9ef3fecba695baf37b5f175ec4a5299456a669ad2d4f8c [none]
[debug] [2022-08-19T04:33:02.959Z] >>> [apiv2][body] POST https://upload-firebasehosting.googleapis.com/upload/sites/rentsoestate/versions/606159fb55731a75/files/c9ed2600c6c4d9018e9ef3fecba695baf37b5f175ec4a5299456a669ad2d4f8c [stream]
[debug] [2022-08-19T04:33:03.658Z] [uploadQueue] Retrying task 84e656cdad9bc19fe853f38be4acf24b5c3fd6b5913f6b6810c71bbbe0cdc43b
[debug] [2022-08-19T04:33:03.659Z] >>> [apiv2][query] POST https://upload-firebasehosting.googleapis.com/upload/sites/rentsoestate/versions/606159fb55731a75/files/84e656cdad9bc19fe853f38be4acf24b5c3fd6b5913f6b6810c71bbbe0cdc43b [none]
[debug] [2022-08-19T04:33:03.659Z] >>> [apiv2][body] POST https://upload-firebasehosting.googleapis.com/upload/sites/rentsoestate/versions/606159fb55731a75/files/84e656cdad9bc19fe853f38be4acf24b5c3fd6b5913f6b6810c71bbbe0cdc43b [stream]
[debug] [2022-08-19T04:33:04.315Z] [uploadQueue] Retrying task 5703cbbd4c24113bd6c5ac79e40aad9b05ca62e1bd8d4dcf38c8fb3d08137987
[debug] [2022-08-19T04:33:04.316Z] >>> [apiv2][query] POST https://upload-firebasehosting.googleapis.com/upload/sites/rentsoestate/versions/606159fb55731a75/files/5703cbbd4c24113bd6c5ac79e40aad9b05ca62e1bd8d4dcf38c8fb3d08137987 [none]
[debug] [2022-08-19T04:33:04.316Z] >>> [apiv2][body] POST https://upload-firebasehosting.googleapis.com/upload/sites/rentsoestate/versions/606159fb55731a75/files/5703cbbd4c24113bd6c5ac79e40aad9b05ca62e1bd8d4dcf38c8fb3d08137987 [stream]
[debug] [2022-08-19T04:33:04.938Z] [uploadQueue] Retrying task 7d2d855a4c37e75552d60d0b4b093cc1a43460d17e2421402d37be0014bd22d6
[debug] [2022-08-19T04:33:04.939Z] >>> [apiv2][query] POST https://upload-firebasehosting.googleapis.com/upload/sites/rentsoestate/versions/606159fb55731a75/files/7d2d855a4c37e75552d60d0b4b093cc1a43460d17e2421402d37be0014bd22d6 [none]
[debug] [2022-08-19T04:33:04.939Z] >>> [apiv2][body] POST https://upload-firebasehosting.googleapis.com/upload/sites/rentsoestate/versions/606159fb55731a75/files/7d2d855a4c37e75552d60d0b4b093cc1a43460d17e2421402d37be0014bd22d6 [stream]
[debug] [2022-08-19T04:33:05.939Z] [uploadQueue] Retrying task ee7e2f3fdb8209c4b6fd7bef6ba50d1b9dba30a25bb5c3126df057e1cb6f5331
[debug] [2022-08-19T04:33:05.940Z] >>> [apiv2][query] POST https://upload-firebasehosting.googleapis.com/upload/sites/rentsoestate/versions/606159fb55731a75/files/ee7e2f3fdb8209c4b6fd7bef6ba50d1b9dba30a25bb5c3126df057e1cb6f5331 [none]
[debug] [2022-08-19T04:33:05.940Z] >>> [apiv2][body] POST https://upload-firebasehosting.googleapis.com/upload/sites/rentsoestate/versions/606159fb55731a75/files/ee7e2f3fdb8209c4b6fd7bef6ba50d1b9dba30a25bb5c3126df057e1cb6f5331 [stream]
[debug] [2022-08-19T04:33:05.941Z] [uploadQueue] Retrying task 6164e4b64af740a2258b1add8ae49dc7ea16e1b802d00bb153d25781d553747a
[debug] [2022-08-19T04:33:05.942Z] >>> [apiv2][query] POST https://upload-firebasehosting.googleapis.com/upload/sites/rentsoestate/versions/606159fb55731a75/files/6164e4b64af740a2258b1add8ae49dc7ea16e1b802d00bb153d25781d553747a [none]
[debug] [2022-08-19T04:33:05.942Z] >>> [apiv2][body] POST https://upload-firebasehosting.googleapis.com/upload/sites/rentsoestate/versions/606159fb55731a75/files/6164e4b64af740a2258b1add8ae49dc7ea16e1b802d00bb153d25781d553747a [stream]
[debug] [2022-08-19T04:33:05.998Z] [uploadQueue] Retrying task b060a95cd9fc4b5239f7713c01743e87c22d440e1a395335daf3396b23489d80
[debug] [2022-08-19T04:33:05.999Z] >>> [apiv2][query] POST https://upload-firebasehosting.googleapis.com/upload/sites/rentsoestate/versions/606159fb55731a75/files/b060a95cd9fc4b5239f7713c01743e87c22d440e1a395335daf3396b23489d80 [none]
[debug] [2022-08-19T04:33:05.999Z] >>> [apiv2][body] POST https://upload-firebasehosting.googleapis.com/upload/sites/rentsoestate/versions/606159fb55731a75/files/b060a95cd9fc4b5239f7713c01743e87c22d440e1a395335daf3396b23489d80 [stream]
[debug] [2022-08-19T04:33:06.459Z] [uploadQueue] Retrying task eae62e993eb980ec8a25058c39d5a51feab118bd2100c4deebb2a9c158ec11f9
[debug] [2022-08-19T04:33:06.460Z] >>> [apiv2][query] POST https://upload-firebasehosting.googleapis.com/upload/sites/rentsoestate/versions/606159fb55731a75/files/eae62e993eb980ec8a25058c39d5a51feab118bd2100c4deebb2a9c158ec11f9 [none]
[debug] [2022-08-19T04:33:06.461Z] >>> [apiv2][body] POST https://upload-firebasehosting.googleapis.com/upload/sites/rentsoestate/versions/606159fb55731a75/files/eae62e993eb980ec8a25058c39d5a51feab118bd2100c4deebb2a9c158ec11f9 [stream]
[debug] [2022-08-19T04:33:06.820Z] [uploadQueue] Retrying task c564a15a9a7d17a5eb590f9c196ec5c216f224902a9e5d118253079d0540156d
[debug] [2022-08-19T04:33:06.820Z] >>> [apiv2][query] POST https://upload-firebasehosting.googleapis.com/upload/sites/rentsoestate/versions/606159fb55731a75/files/c564a15a9a7d17a5eb590f9c196ec5c216f224902a9e5d118253079d0540156d [none]
[debug] [2022-08-19T04:33:06.821Z] >>> [apiv2][body] POST https://upload-firebasehosting.googleapis.com/upload/sites/rentsoestate/versions/606159fb55731a75/files/c564a15a9a7d17a5eb590f9c196ec5c216f224902a9e5d118253079d0540156d [stream]
[debug] [2022-08-19T04:33:06.824Z] [uploadQueue] Retrying task 702401aa957c9b1ebfafbaf807746d8325b2e7a4614193f18e3bd437c77cda77
[debug] [2022-08-19T04:33:06.825Z] >>> [apiv2][query] POST https://upload-firebasehosting.googleapis.com/upload/sites/rentsoestate/versions/606159fb55731a75/files/702401aa957c9b1ebfafbaf807746d8325b2e7a4614193f18e3bd437c77cda77 [none]
[debug] [2022-08-19T04:33:06.825Z] >>> [apiv2][body] POST https://upload-firebasehosting.googleapis.com/upload/sites/rentsoestate/versions/606159fb55731a75/files/702401aa957c9b1ebfafbaf807746d8325b2e7a4614193f18e3bd437c77cda77 [stream]
[debug] [2022-08-19T04:33:06.858Z] [uploadQueue] Retrying task c1befdbdae1624bd13c9186a0fd45682331f006fd6fd76e45dc7c830b7e6732a
[debug] [2022-08-19T04:33:06.859Z] >>> [apiv2][query] POST https://upload-firebasehosting.googleapis.com/upload/sites/rentsoestate/versions/606159fb55731a75/files/c1befdbdae1624bd13c9186a0fd45682331f006fd6fd76e45dc7c830b7e6732a [none]
[debug] [2022-08-19T04:33:06.859Z] >>> [apiv2][body] POST https://upload-firebasehosting.googleapis.com/upload/sites/rentsoestate/versions/606159fb55731a75/files/c1befdbdae1624bd13c9186a0fd45682331f006fd6fd76e45dc7c830b7e6732a [stream]
[debug] [2022-08-19T04:33:07.314Z] [uploadQueue] Retrying task 2aebe6f26a606c63b7cf350db4fc062948eae0d5c77b7bb92aeb160646d9ca7b
[debug] [2022-08-19T04:33:07.316Z] >>> [apiv2][query] POST https://upload-firebasehosting.googleapis.com/upload/sites/rentsoestate/versions/606159fb55731a75/files/2aebe6f26a606c63b7cf350db4fc062948eae0d5c77b7bb92aeb160646d9ca7b [none]
[debug] [2022-08-19T04:33:07.316Z] >>> [apiv2][body] POST https://upload-firebasehosting.googleapis.com/upload/sites/rentsoestate/versions/606159fb55731a75/files/2aebe6f26a606c63b7cf350db4fc062948eae0d5c77b7bb92aeb160646d9ca7b [stream]
[debug] [2022-08-19T04:33:07.318Z] [uploadQueue] Retrying task 22c98df1d7ecf1ef1e75d7bca131c0d4d9678d78352689ea8ff725ef0048c48d
[debug] [2022-08-19T04:33:07.319Z] >>> [apiv2][query] POST https://upload-firebasehosting.googleapis.com/upload/sites/rentsoestate/versions/606159fb55731a75/files/22c98df1d7ecf1ef1e75d7bca131c0d4d9678d78352689ea8ff725ef0048c48d [none]
[debug] [2022-08-19T04:33:07.319Z] >>> [apiv2][body] POST https://upload-firebasehosting.googleapis.com/upload/sites/rentsoestate/versions/606159fb55731a75/files/22c98df1d7ecf1ef1e75d7bca131c0d4d9678d78352689ea8ff725ef0048c48d [stream]
[debug] [2022-08-19T04:33:08.825Z] [uploadQueue] Retrying task 5c997de1364b8be939319fa9209abd77f2caf7f8844999a9e2e9173f844e7840
[debug] [2022-08-19T04:33:08.826Z] >>> [apiv2][query] POST https://upload-firebasehosting.googleapis.com/upload/sites/rentsoestate/versions/606159fb55731a75/files/5c997de1364b8be939319fa9209abd77f2caf7f8844999a9e2e9173f844e7840 [none]
[debug] [2022-08-19T04:33:08.826Z] >>> [apiv2][body] POST https://upload-firebasehosting.googleapis.com/upload/sites/rentsoestate/versions/606159fb55731a75/files/5c997de1364b8be939319fa9209abd77f2caf7f8844999a9e2e9173f844e7840 [stream]
[debug] [2022-08-19T04:33:11.099Z] [uploadQueue] Retrying task b2b3c9bb8ace33ff63bc5c974aaa976d01f1982b5f2d59781ef3823839e597c0
[debug] [2022-08-19T04:33:11.100Z] >>> [apiv2][query] POST https://upload-firebasehosting.googleapis.com/upload/sites/rentsoestate/versions/606159fb55731a75/files/b2b3c9bb8ace33ff63bc5c974aaa976d01f1982b5f2d59781ef3823839e597c0 [none]
[debug] [2022-08-19T04:33:11.100Z] >>> [apiv2][body] POST https://upload-firebasehosting.googleapis.com/upload/sites/rentsoestate/versions/606159fb55731a75/files/b2b3c9bb8ace33ff63bc5c974aaa976d01f1982b5f2d59781ef3823839e597c0 [stream]
[debug] [2022-08-19T04:33:13.711Z] [uploadQueue] Retrying task b2090cf9761ef60aa06e4fab97679bd43dfa5e5df073701ead5879d7c68f1ec5
[debug] [2022-08-19T04:33:13.712Z] >>> [apiv2][query] POST https://upload-firebasehosting.googleapis.com/upload/sites/rentsoestate/versions/606159fb55731a75/files/b2090cf9761ef60aa06e4fab97679bd43dfa5e5df073701ead5879d7c68f1ec5 [none]
[debug] [2022-08-19T04:33:13.712Z] >>> [apiv2][body] POST https://upload-firebasehosting.googleapis.com/upload/sites/rentsoestate/versions/606159fb55731a75/files/b2090cf9761ef60aa06e4fab97679bd43dfa5e5df073701ead5879d7c68f1ec5 [stream]
[debug] [2022-08-19T04:33:13.714Z] [uploadQueue] Retrying task e1208d68832e489565caba6fe197213a82f547f7d11b117be2bb156165aec6a3
[debug] [2022-08-19T04:33:13.714Z] >>> [apiv2][query] POST https://upload-firebasehosting.googleapis.com/upload/sites/rentsoestate/versions/606159fb55731a75/files/e1208d68832e489565caba6fe197213a82f547f7d11b117be2bb156165aec6a3 [none]
[debug] [2022-08-19T04:33:13.715Z] >>> [apiv2][body] POST https://upload-firebasehosting.googleapis.com/upload/sites/rentsoestate/versions/606159fb55731a75/files/e1208d68832e489565caba6fe197213a82f547f7d11b117be2bb156165aec6a3 [stream]
[debug] [2022-08-19T04:33:16.156Z] [uploadQueue] Retrying task 51e5f0ba16955e06be4a183a45a3d83a414df57caf2ad06804c2232d8f128da6
[debug] [2022-08-19T04:33:16.158Z] >>> [apiv2][query] POST https://upload-firebasehosting.googleapis.com/upload/sites/rentsoestate/versions/606159fb55731a75/files/51e5f0ba16955e06be4a183a45a3d83a414df57caf2ad06804c2232d8f128da6 [none]
[debug] [2022-08-19T04:33:16.158Z] >>> [apiv2][body] POST https://upload-firebasehosting.googleapis.com/upload/sites/rentsoestate/versions/606159fb55731a75/files/51e5f0ba16955e06be4a183a45a3d83a414df57caf2ad06804c2232d8f128da6 [stream]
[debug] [2022-08-19T04:33:18.497Z] [uploadQueue] Retrying task bd283453304af7167b2ebd887cae79b72d1a2052f6bd749556ac833389aa52ae
[debug] [2022-08-19T04:33:18.498Z] >>> [apiv2][query] POST https://upload-firebasehosting.googleapis.com/upload/sites/rentsoestate/versions/606159fb55731a75/files/bd283453304af7167b2ebd887cae79b72d1a2052f6bd749556ac833389aa52ae [none]
[debug] [2022-08-19T04:33:18.498Z] >>> [apiv2][body] POST https://upload-firebasehosting.googleapis.com/upload/sites/rentsoestate/versions/606159fb55731a75/files/bd283453304af7167b2ebd887cae79b72d1a2052f6bd749556ac833389aa52ae [stream]
[debug] [2022-08-19T04:33:18.879Z] [uploadQueue] Retrying task 42548399b6a2d066e61e1a071a495c627dafdf3bdb926bdc938ec19ddaf4079a
[debug] [2022-08-19T04:33:18.880Z] >>> [apiv2][query] POST https://upload-firebasehosting.googleapis.com/upload/sites/rentsoestate/versions/606159fb55731a75/files/42548399b6a2d066e61e1a071a495c627dafdf3bdb926bdc938ec19ddaf4079a [none]
[debug] [2022-08-19T04:33:18.880Z] >>> [apiv2][body] POST https://upload-firebasehosting.googleapis.com/upload/sites/rentsoestate/versions/606159fb55731a75/files/42548399b6a2d066e61e1a071a495c627dafdf3bdb926bdc938ec19ddaf4079a [stream]
[debug] [2022-08-19T04:33:19.333Z] [uploadQueue] Retrying task ee7e2f3fdb8209c4b6fd7bef6ba50d1b9dba30a25bb5c3126df057e1cb6f5331
[debug] [2022-08-19T04:33:19.334Z] >>> [apiv2][query] POST https://upload-firebasehosting.googleapis.com/upload/sites/rentsoestate/versions/606159fb55731a75/files/ee7e2f3fdb8209c4b6fd7bef6ba50d1b9dba30a25bb5c3126df057e1cb6f5331 [none]
[debug] [2022-08-19T04:33:19.334Z] >>> [apiv2][body] POST https://upload-firebasehosting.googleapis.com/upload/sites/rentsoestate/versions/606159fb55731a75/files/ee7e2f3fdb8209c4b6fd7bef6ba50d1b9dba30a25bb5c3126df057e1cb6f5331 [stream]
[debug] [2022-08-19T04:33:20.077Z] [uploadQueue] Retrying task 5703cbbd4c24113bd6c5ac79e40aad9b05ca62e1bd8d4dcf38c8fb3d08137987
[debug] [2022-08-19T04:33:20.078Z] >>> [apiv2][query] POST https://upload-firebasehosting.googleapis.com/upload/sites/rentsoestate/versions/606159fb55731a75/files/5703cbbd4c24113bd6c5ac79e40aad9b05ca62e1bd8d4dcf38c8fb3d08137987 [none]
[debug] [2022-08-19T04:33:20.078Z] >>> [apiv2][body] POST https://upload-firebasehosting.googleapis.com/upload/sites/rentsoestate/versions/606159fb55731a75/files/5703cbbd4c24113bd6c5ac79e40aad9b05ca62e1bd8d4dcf38c8fb3d08137987 [stream]
[debug] [2022-08-19T04:33:20.892Z] [uploadQueue] Retrying task 7d2d855a4c37e75552d60d0b4b093cc1a43460d17e2421402d37be0014bd22d6
[debug] [2022-08-19T04:33:20.893Z] >>> [apiv2][query] POST https://upload-firebasehosting.googleapis.com/upload/sites/rentsoestate/versions/606159fb55731a75/files/7d2d855a4c37e75552d60d0b4b093cc1a43460d17e2421402d37be0014bd22d6 [none]
[debug] [2022-08-19T04:33:20.893Z] >>> [apiv2][body] POST https://upload-firebasehosting.googleapis.com/upload/sites/rentsoestate/versions/606159fb55731a75/files/7d2d855a4c37e75552d60d0b4b093cc1a43460d17e2421402d37be0014bd22d6 [stream]
[debug] [2022-08-19T04:33:21.594Z] [uploadQueue] Retrying task c9ed2600c6c4d9018e9ef3fecba695baf37b5f175ec4a5299456a669ad2d4f8c
[debug] [2022-08-19T04:33:21.595Z] >>> [apiv2][query] POST https://upload-firebasehosting.googleapis.com/upload/sites/rentsoestate/versions/606159fb55731a75/files/c9ed2600c6c4d9018e9ef3fecba695baf37b5f175ec4a5299456a669ad2d4f8c [none]
[debug] [2022-08-19T04:33:21.595Z] >>> [apiv2][body] POST https://upload-firebasehosting.googleapis.com/upload/sites/rentsoestate/versions/606159fb55731a75/files/c9ed2600c6c4d9018e9ef3fecba695baf37b5f175ec4a5299456a669ad2d4f8c [stream]
[debug] [2022-08-19T04:33:22.413Z] [uploadQueue] Retrying task c564a15a9a7d17a5eb590f9c196ec5c216f224902a9e5d118253079d0540156d
[debug] [2022-08-19T04:33:22.414Z] >>> [apiv2][query] POST https://upload-firebasehosting.googleapis.com/upload/sites/rentsoestate/versions/606159fb55731a75/files/c564a15a9a7d17a5eb590f9c196ec5c216f224902a9e5d118253079d0540156d [none]
[debug] [2022-08-19T04:33:22.414Z] >>> [apiv2][body] POST https://upload-firebasehosting.googleapis.com/upload/sites/rentsoestate/versions/606159fb55731a75/files/c564a15a9a7d17a5eb590f9c196ec5c216f224902a9e5d118253079d0540156d [stream]
[debug] [2022-08-19T04:33:22.971Z] [uploadQueue] Retrying task 6164e4b64af740a2258b1add8ae49dc7ea16e1b802d00bb153d25781d553747a
[debug] [2022-08-19T04:33:22.971Z] >>> [apiv2][query] POST https://upload-firebasehosting.googleapis.com/upload/sites/rentsoestate/versions/606159fb55731a75/files/6164e4b64af740a2258b1add8ae49dc7ea16e1b802d00bb153d25781d553747a [none]
[debug] [2022-08-19T04:33:22.972Z] >>> [apiv2][body] POST https://upload-firebasehosting.googleapis.com/upload/sites/rentsoestate/versions/606159fb55731a75/files/6164e4b64af740a2258b1add8ae49dc7ea16e1b802d00bb153d25781d553747a [stream]
[debug] [2022-08-19T04:33:23.402Z] [uploadQueue] Retrying task eb41976c007684195c6e0eb9480247a17c226616c39a353b044350b86ed19598
[debug] [2022-08-19T04:33:23.403Z] >>> [apiv2][query] POST https://upload-firebasehosting.googleapis.com/upload/sites/rentsoestate/versions/606159fb55731a75/files/eb41976c007684195c6e0eb9480247a17c226616c39a353b044350b86ed19598 [none]
[debug] [2022-08-19T04:33:23.404Z] >>> [apiv2][body] POST https://upload-firebasehosting.googleapis.com/upload/sites/rentsoestate/versions/606159fb55731a75/files/eb41976c007684195c6e0eb9480247a17c226616c39a353b044350b86ed19598 [stream]
[debug] [2022-08-19T04:33:23.463Z] [uploadQueue] Retrying task b060a95cd9fc4b5239f7713c01743e87c22d440e1a395335daf3396b23489d80
[debug] [2022-08-19T04:33:23.464Z] >>> [apiv2][query] POST https://upload-firebasehosting.googleapis.com/upload/sites/rentsoestate/versions/606159fb55731a75/files/b060a95cd9fc4b5239f7713c01743e87c22d440e1a395335daf3396b23489d80 [none]
[debug] [2022-08-19T04:33:23.465Z] >>> [apiv2][body] POST https://upload-firebasehosting.googleapis.com/upload/sites/rentsoestate/versions/606159fb55731a75/files/b060a95cd9fc4b5239f7713c01743e87c22d440e1a395335daf3396b23489d80 [stream]
[debug] [2022-08-19T04:33:23.809Z] [uploadQueue] Retrying task eae62e993eb980ec8a25058c39d5a51feab118bd2100c4deebb2a9c158ec11f9
[debug] [2022-08-19T04:33:23.810Z] >>> [apiv2][query] POST https://upload-firebasehosting.googleapis.com/upload/sites/rentsoestate/versions/606159fb55731a75/files/eae62e993eb980ec8a25058c39d5a51feab118bd2100c4deebb2a9c158ec11f9 [none]
[debug] [2022-08-19T04:33:23.810Z] >>> [apiv2][body] POST https://upload-firebasehosting.googleapis.com/upload/sites/rentsoestate/versions/606159fb55731a75/files/eae62e993eb980ec8a25058c39d5a51feab118bd2100c4deebb2a9c158ec11f9 [stream]
[debug] [2022-08-19T04:33:25.053Z] [uploadQueue] Retrying task 84e656cdad9bc19fe853f38be4acf24b5c3fd6b5913f6b6810c71bbbe0cdc43b
[debug] [2022-08-19T04:33:25.054Z] >>> [apiv2][query] POST https://upload-firebasehosting.googleapis.com/upload/sites/rentsoestate/versions/606159fb55731a75/files/84e656cdad9bc19fe853f38be4acf24b5c3fd6b5913f6b6810c71bbbe0cdc43b [none]
[debug] [2022-08-19T04:33:25.054Z] >>> [apiv2][body] POST https://upload-firebasehosting.googleapis.com/upload/sites/rentsoestate/versions/606159fb55731a75/files/84e656cdad9bc19fe853f38be4acf24b5c3fd6b5913f6b6810c71bbbe0cdc43b [stream]
[debug] [2022-08-19T04:33:25.115Z] [uploadQueue] Retrying task 22c98df1d7ecf1ef1e75d7bca131c0d4d9678d78352689ea8ff725ef0048c48d
[debug] [2022-08-19T04:33:25.116Z] >>> [apiv2][query] POST https://upload-firebasehosting.googleapis.com/upload/sites/rentsoestate/versions/606159fb55731a75/files/22c98df1d7ecf1ef1e75d7bca131c0d4d9678d78352689ea8ff725ef0048c48d [none]
[debug] [2022-08-19T04:33:25.116Z] >>> [apiv2][body] POST https://upload-firebasehosting.googleapis.com/upload/sites/rentsoestate/versions/606159fb55731a75/files/22c98df1d7ecf1ef1e75d7bca131c0d4d9678d78352689ea8ff725ef0048c48d [stream]
[debug] [2022-08-19T04:33:26.161Z] [uploadQueue] Retrying task 3ee59515172ee198f3be375979df15ac5345183e656720a381b8872b2a39dc8b
[debug] [2022-08-19T04:33:26.162Z] >>> [apiv2][query] POST https://upload-firebasehosting.googleapis.com/upload/sites/rentsoestate/versions/606159fb55731a75/files/3ee59515172ee198f3be375979df15ac5345183e656720a381b8872b2a39dc8b [none]
[debug] [2022-08-19T04:33:26.162Z] >>> [apiv2][body] POST https://upload-firebasehosting.googleapis.com/upload/sites/rentsoestate/versions/606159fb55731a75/files/3ee59515172ee198f3be375979df15ac5345183e656720a381b8872b2a39dc8b [stream]
[debug] [2022-08-19T04:33:26.223Z] [uploadQueue] Retrying task 702401aa957c9b1ebfafbaf807746d8325b2e7a4614193f18e3bd437c77cda77
[debug] [2022-08-19T04:33:26.224Z] >>> [apiv2][query] POST https://upload-firebasehosting.googleapis.com/upload/sites/rentsoestate/versions/606159fb55731a75/files/702401aa957c9b1ebfafbaf807746d8325b2e7a4614193f18e3bd437c77cda77 [none]
[debug] [2022-08-19T04:33:26.224Z] >>> [apiv2][body] POST https://upload-firebasehosting.googleapis.com/upload/sites/rentsoestate/versions/606159fb55731a75/files/702401aa957c9b1ebfafbaf807746d8325b2e7a4614193f18e3bd437c77cda77 [stream]
[debug] [2022-08-19T04:33:26.665Z] [uploadQueue] Retrying task c1befdbdae1624bd13c9186a0fd45682331f006fd6fd76e45dc7c830b7e6732a
[debug] [2022-08-19T04:33:26.666Z] >>> [apiv2][query] POST https://upload-firebasehosting.googleapis.com/upload/sites/rentsoestate/versions/606159fb55731a75/files/c1befdbdae1624bd13c9186a0fd45682331f006fd6fd76e45dc7c830b7e6732a [none]
[debug] [2022-08-19T04:33:26.666Z] >>> [apiv2][body] POST https://upload-firebasehosting.googleapis.com/upload/sites/rentsoestate/versions/606159fb55731a75/files/c1befdbdae1624bd13c9186a0fd45682331f006fd6fd76e45dc7c830b7e6732a [stream]
[debug] [2022-08-19T04:33:28.031Z] [uploadQueue] Retrying task 2aebe6f26a606c63b7cf350db4fc062948eae0d5c77b7bb92aeb160646d9ca7b
[debug] [2022-08-19T04:33:28.032Z] >>> [apiv2][query] POST https://upload-firebasehosting.googleapis.com/upload/sites/rentsoestate/versions/606159fb55731a75/files/2aebe6f26a606c63b7cf350db4fc062948eae0d5c77b7bb92aeb160646d9ca7b [none]
[debug] [2022-08-19T04:33:28.032Z] >>> [apiv2][body] POST https://upload-firebasehosting.googleapis.com/upload/sites/rentsoestate/versions/606159fb55731a75/files/2aebe6f26a606c63b7cf350db4fc062948eae0d5c77b7bb92aeb160646d9ca7b [stream]
[debug] [2022-08-19T04:33:28.953Z] [uploadQueue] Retrying task b2090cf9761ef60aa06e4fab97679bd43dfa5e5df073701ead5879d7c68f1ec5
[debug] [2022-08-19T04:33:28.954Z] >>> [apiv2][query] POST https://upload-firebasehosting.googleapis.com/upload/sites/rentsoestate/versions/606159fb55731a75/files/b2090cf9761ef60aa06e4fab97679bd43dfa5e5df073701ead5879d7c68f1ec5 [none]
[debug] [2022-08-19T04:33:28.954Z] >>> [apiv2][body] POST https://upload-firebasehosting.googleapis.com/upload/sites/rentsoestate/versions/606159fb55731a75/files/b2090cf9761ef60aa06e4fab97679bd43dfa5e5df073701ead5879d7c68f1ec5 [stream]
[debug] [2022-08-19T04:33:30.242Z] [uploadQueue] Retrying task 537d4d29ac255452530781da0540a2ba08209dfdd4ec9264cb3b8d55300ee2e3
[debug] [2022-08-19T04:33:30.243Z] >>> [apiv2][query] POST https://upload-firebasehosting.googleapis.com/upload/sites/rentsoestate/versions/606159fb55731a75/files/537d4d29ac255452530781da0540a2ba08209dfdd4ec9264cb3b8d55300ee2e3 [none]
[debug] [2022-08-19T04:33:30.244Z] >>> [apiv2][body] POST https://upload-firebasehosting.googleapis.com/upload/sites/rentsoestate/versions/606159fb55731a75/files/537d4d29ac255452530781da0540a2ba08209dfdd4ec9264cb3b8d55300ee2e3 [stream]
[debug] [2022-08-19T04:33:30.304Z] [uploadQueue] Retrying task 5c997de1364b8be939319fa9209abd77f2caf7f8844999a9e2e9173f844e7840
[debug] [2022-08-19T04:33:30.305Z] >>> [apiv2][query] POST https://upload-firebasehosting.googleapis.com/upload/sites/rentsoestate/versions/606159fb55731a75/files/5c997de1364b8be939319fa9209abd77f2caf7f8844999a9e2e9173f844e7840 [none]
[debug] [2022-08-19T04:33:30.305Z] >>> [apiv2][body] POST https://upload-firebasehosting.googleapis.com/upload/sites/rentsoestate/versions/606159fb55731a75/files/5c997de1364b8be939319fa9209abd77f2caf7f8844999a9e2e9173f844e7840 [stream]
[debug] [2022-08-19T04:33:31.303Z] [uploadQueue] Retrying task e1208d68832e489565caba6fe197213a82f547f7d11b117be2bb156165aec6a3
[debug] [2022-08-19T04:33:31.303Z] >>> [apiv2][query] POST https://upload-firebasehosting.googleapis.com/upload/sites/rentsoestate/versions/606159fb55731a75/files/e1208d68832e489565caba6fe197213a82f547f7d11b117be2bb156165aec6a3 [none]
[debug] [2022-08-19T04:33:31.304Z] >>> [apiv2][body] POST https://upload-firebasehosting.googleapis.com/upload/sites/rentsoestate/versions/606159fb55731a75/files/e1208d68832e489565caba6fe197213a82f547f7d11b117be2bb156165aec6a3 [stream]
[debug] [2022-08-19T04:33:32.236Z] [uploadQueue] Retrying task b2b3c9bb8ace33ff63bc5c974aaa976d01f1982b5f2d59781ef3823839e597c0
[debug] [2022-08-19T04:33:32.237Z] >>> [apiv2][query] POST https://upload-firebasehosting.googleapis.com/upload/sites/rentsoestate/versions/606159fb55731a75/files/b2b3c9bb8ace33ff63bc5c974aaa976d01f1982b5f2d59781ef3823839e597c0 [none]
[debug] [2022-08-19T04:33:32.237Z] >>> [apiv2][body] POST https://upload-firebasehosting.googleapis.com/upload/sites/rentsoestate/versions/606159fb55731a75/files/b2b3c9bb8ace33ff63bc5c974aaa976d01f1982b5f2d59781ef3823839e597c0 [stream]
[debug] [2022-08-19T04:33:33.926Z] [uploadQueue] Retrying task 51e5f0ba16955e06be4a183a45a3d83a414df57caf2ad06804c2232d8f128da6
[debug] [2022-08-19T04:33:33.926Z] >>> [apiv2][query] POST https://upload-firebasehosting.googleapis.com/upload/sites/rentsoestate/versions/606159fb55731a75/files/51e5f0ba16955e06be4a183a45a3d83a414df57caf2ad06804c2232d8f128da6 [none]
[debug] [2022-08-19T04:33:33.926Z] >>> [apiv2][body] POST https://upload-firebasehosting.googleapis.com/upload/sites/rentsoestate/versions/606159fb55731a75/files/51e5f0ba16955e06be4a183a45a3d83a414df57caf2ad06804c2232d8f128da6 [stream]
[debug] [2022-08-19T04:33:35.938Z] [uploadQueue] Retrying task 42548399b6a2d066e61e1a071a495c627dafdf3bdb926bdc938ec19ddaf4079a
[debug] [2022-08-19T04:33:35.939Z] >>> [apiv2][query] POST https://upload-firebasehosting.googleapis.com/upload/sites/rentsoestate/versions/606159fb55731a75/files/42548399b6a2d066e61e1a071a495c627dafdf3bdb926bdc938ec19ddaf4079a [none]
[debug] [2022-08-19T04:33:35.939Z] >>> [apiv2][body] POST https://upload-firebasehosting.googleapis.com/upload/sites/rentsoestate/versions/606159fb55731a75/files/42548399b6a2d066e61e1a071a495c627dafdf3bdb926bdc938ec19ddaf4079a [stream]
[debug] [2022-08-19T04:33:36.154Z] [uploadQueue] Retrying task ee7e2f3fdb8209c4b6fd7bef6ba50d1b9dba30a25bb5c3126df057e1cb6f5331
[debug] [2022-08-19T04:33:36.156Z] >>> [apiv2][query] POST https://upload-firebasehosting.googleapis.com/upload/sites/rentsoestate/versions/606159fb55731a75/files/ee7e2f3fdb8209c4b6fd7bef6ba50d1b9dba30a25bb5c3126df057e1cb6f5331 [none]
[debug] [2022-08-19T04:33:36.157Z] >>> [apiv2][body] POST https://upload-firebasehosting.googleapis.com/upload/sites/rentsoestate/versions/606159fb55731a75/files/ee7e2f3fdb8209c4b6fd7bef6ba50d1b9dba30a25bb5c3126df057e1cb6f5331 [stream]
[debug] [2022-08-19T04:33:37.130Z] [uploadQueue] Retrying task bd283453304af7167b2ebd887cae79b72d1a2052f6bd749556ac833389aa52ae
[debug] [2022-08-19T04:33:37.131Z] >>> [apiv2][query] POST https://upload-firebasehosting.googleapis.com/upload/sites/rentsoestate/versions/606159fb55731a75/files/bd283453304af7167b2ebd887cae79b72d1a2052f6bd749556ac833389aa52ae [none]
[debug] [2022-08-19T04:33:37.131Z] >>> [apiv2][body] POST https://upload-firebasehosting.googleapis.com/upload/sites/rentsoestate/versions/606159fb55731a75/files/bd283453304af7167b2ebd887cae79b72d1a2052f6bd749556ac833389aa52ae [stream]
[debug] [2022-08-19T04:33:37.897Z] [uploadQueue] Retrying task 7d2d855a4c37e75552d60d0b4b093cc1a43460d17e2421402d37be0014bd22d6
[debug] [2022-08-19T04:33:37.898Z] >>> [apiv2][query] POST https://upload-firebasehosting.googleapis.com/upload/sites/rentsoestate/versions/606159fb55731a75/files/7d2d855a4c37e75552d60d0b4b093cc1a43460d17e2421402d37be0014bd22d6 [none]
[debug] [2022-08-19T04:33:37.898Z] >>> [apiv2][body] POST https://upload-firebasehosting.googleapis.com/upload/sites/rentsoestate/versions/606159fb55731a75/files/7d2d855a4c37e75552d60d0b4b093cc1a43460d17e2421402d37be0014bd22d6 [stream]
[debug] [2022-08-19T04:33:38.550Z] [uploadQueue] Retrying task c9ed2600c6c4d9018e9ef3fecba695baf37b5f175ec4a5299456a669ad2d4f8c
[debug] [2022-08-19T04:33:38.551Z] >>> [apiv2][query] POST https://upload-firebasehosting.googleapis.com/upload/sites/rentsoestate/versions/606159fb55731a75/files/c9ed2600c6c4d9018e9ef3fecba695baf37b5f175ec4a5299456a669ad2d4f8c [none]
[debug] [2022-08-19T04:33:38.551Z] >>> [apiv2][body] POST https://upload-firebasehosting.googleapis.com/upload/sites/rentsoestate/versions/606159fb55731a75/files/c9ed2600c6c4d9018e9ef3fecba695baf37b5f175ec4a5299456a669ad2d4f8c [stream]
[debug] [2022-08-19T04:33:40.004Z] [uploadQueue] Retrying task 6164e4b64af740a2258b1add8ae49dc7ea16e1b802d00bb153d25781d553747a
[debug] [2022-08-19T04:33:40.005Z] >>> [apiv2][query] POST https://upload-firebasehosting.googleapis.com/upload/sites/rentsoestate/versions/606159fb55731a75/files/6164e4b64af740a2258b1add8ae49dc7ea16e1b802d00bb153d25781d553747a [none]
[debug] [2022-08-19T04:33:40.005Z] >>> [apiv2][body] POST https://upload-firebasehosting.googleapis.com/upload/sites/rentsoestate/versions/606159fb55731a75/files/6164e4b64af740a2258b1add8ae49dc7ea16e1b802d00bb153d25781d553747a [stream]
[debug] [2022-08-19T04:33:41.373Z] [uploadQueue] Retrying task eb41976c007684195c6e0eb9480247a17c226616c39a353b044350b86ed19598
[debug] [2022-08-19T04:33:41.374Z] >>> [apiv2][query] POST https://upload-firebasehosting.googleapis.com/upload/sites/rentsoestate/versions/606159fb55731a75/files/eb41976c007684195c6e0eb9480247a17c226616c39a353b044350b86ed19598 [none]
[debug] [2022-08-19T04:33:41.375Z] >>> [apiv2][body] POST https://upload-firebasehosting.googleapis.com/upload/sites/rentsoestate/versions/606159fb55731a75/files/eb41976c007684195c6e0eb9480247a17c226616c39a353b044350b86ed19598 [stream]
[debug] [2022-08-19T04:33:42.436Z] [uploadQueue] Retrying task 5703cbbd4c24113bd6c5ac79e40aad9b05ca62e1bd8d4dcf38c8fb3d08137987
[debug] [2022-08-19T04:33:42.436Z] >>> [apiv2][query] POST https://upload-firebasehosting.googleapis.com/upload/sites/rentsoestate/versions/606159fb55731a75/files/5703cbbd4c24113bd6c5ac79e40aad9b05ca62e1bd8d4dcf38c8fb3d08137987 [none]
[debug] [2022-08-19T04:33:42.436Z] >>> [apiv2][body] POST https://upload-firebasehosting.googleapis.com/upload/sites/rentsoestate/versions/606159fb55731a75/files/5703cbbd4c24113bd6c5ac79e40aad9b05ca62e1bd8d4dcf38c8fb3d08137987 [stream]
[debug] [2022-08-19T04:33:42.438Z] [uploadQueue] Retrying task c564a15a9a7d17a5eb590f9c196ec5c216f224902a9e5d118253079d0540156d
[debug] [2022-08-19T04:33:42.438Z] >>> [apiv2][query] POST https://upload-firebasehosting.googleapis.com/upload/sites/rentsoestate/versions/606159fb55731a75/files/c564a15a9a7d17a5eb590f9c196ec5c216f224902a9e5d118253079d0540156d [none]
[debug] [2022-08-19T04:33:42.438Z] >>> [apiv2][body] POST https://upload-firebasehosting.googleapis.com/upload/sites/rentsoestate/versions/606159fb55731a75/files/c564a15a9a7d17a5eb590f9c196ec5c216f224902a9e5d118253079d0540156d [stream]
[debug] [2022-08-19T04:33:42.445Z] [uploadQueue] Retrying task 84e656cdad9bc19fe853f38be4acf24b5c3fd6b5913f6b6810c71bbbe0cdc43b
[debug] [2022-08-19T04:33:42.446Z] >>> [apiv2][query] POST https://upload-firebasehosting.googleapis.com/upload/sites/rentsoestate/versions/606159fb55731a75/files/84e656cdad9bc19fe853f38be4acf24b5c3fd6b5913f6b6810c71bbbe0cdc43b [none]
[debug] [2022-08-19T04:33:42.446Z] >>> [apiv2][body] POST https://upload-firebasehosting.googleapis.com/upload/sites/rentsoestate/versions/606159fb55731a75/files/84e656cdad9bc19fe853f38be4acf24b5c3fd6b5913f6b6810c71bbbe0cdc43b [stream]
[debug] [2022-08-19T04:33:43.547Z] [uploadQueue] Retrying task eae62e993eb980ec8a25058c39d5a51feab118bd2100c4deebb2a9c158ec11f9
[debug] [2022-08-19T04:33:43.548Z] >>> [apiv2][query] POST https://upload-firebasehosting.googleapis.com/upload/sites/rentsoestate/versions/606159fb55731a75/files/eae62e993eb980ec8a25058c39d5a51feab118bd2100c4deebb2a9c158ec11f9 [none]
[debug] [2022-08-19T04:33:43.548Z] >>> [apiv2][body] POST https://upload-firebasehosting.googleapis.com/upload/sites/rentsoestate/versions/606159fb55731a75/files/eae62e993eb980ec8a25058c39d5a51feab118bd2100c4deebb2a9c158ec11f9 [stream]
[debug] [2022-08-19T04:33:44.507Z] [uploadQueue] Retrying task 702401aa957c9b1ebfafbaf807746d8325b2e7a4614193f18e3bd437c77cda77
[debug] [2022-08-19T04:33:44.508Z] >>> [apiv2][query] POST https://upload-firebasehosting.googleapis.com/upload/sites/rentsoestate/versions/606159fb55731a75/files/702401aa957c9b1ebfafbaf807746d8325b2e7a4614193f18e3bd437c77cda77 [none]
[debug] [2022-08-19T04:33:44.508Z] >>> [apiv2][body] POST https://upload-firebasehosting.googleapis.com/upload/sites/rentsoestate/versions/606159fb55731a75/files/702401aa957c9b1ebfafbaf807746d8325b2e7a4614193f18e3bd437c77cda77 [stream]
[debug] Task 51e5f0ba16955e06be4a183a45a3d83a414df57caf2ad06804c2232d8f128da6 failed: retries exhausted after 6 attempts, with error: Failed to make request to https://upload-firebasehosting.googleapis.com/upload/sites/rentsoestate/versions/606159fb55731a75/files/51e5f0ba16955e06be4a183a45a3d83a414df57caf2ad06804c2232d8f128da6
[debug] [2022-08-19T04:33:44.917Z] [hosting][upload queue][FINAL] {"max":0,"min":9999999999,"avg":0,"active":22,"complete":1,"success":0,"errored":1,"retried":106,"total":23,"elapsed":83077}
[debug] [2022-08-19T04:33:45.792Z] [uploadQueue] Retrying task 22c98df1d7ecf1ef1e75d7bca131c0d4d9678d78352689ea8ff725ef0048c48d
[debug] [2022-08-19T04:33:45.793Z] >>> [apiv2][query] POST https://upload-firebasehosting.googleapis.com/upload/sites/rentsoestate/versions/606159fb55731a75/files/22c98df1d7ecf1ef1e75d7bca131c0d4d9678d78352689ea8ff725ef0048c48d [none]
[debug] [2022-08-19T04:33:45.793Z] >>> [apiv2][body] POST https://upload-firebasehosting.googleapis.com/upload/sites/rentsoestate/versions/606159fb55731a75/files/22c98df1d7ecf1ef1e75d7bca131c0d4d9678d78352689ea8ff725ef0048c48d [stream]
[debug] Task b2b3c9bb8ace33ff63bc5c974aaa976d01f1982b5f2d59781ef3823839e597c0 failed: retries exhausted after 6 attempts, with error: Failed to make request to https://upload-firebasehosting.googleapis.com/upload/sites/rentsoestate/versions/606159fb55731a75/files/b2b3c9bb8ace33ff63bc5c974aaa976d01f1982b5f2d59781ef3823839e597c0
[debug] [2022-08-19T04:33:46.414Z] [uploadQueue] Retrying task 3ee59515172ee198f3be375979df15ac5345183e656720a381b8872b2a39dc8b
[debug] [2022-08-19T04:33:46.415Z] >>> [apiv2][query] POST https://upload-firebasehosting.googleapis.com/upload/sites/rentsoestate/versions/606159fb55731a75/files/3ee59515172ee198f3be375979df15ac5345183e656720a381b8872b2a39dc8b [none]
[debug] [2022-08-19T04:33:46.415Z] >>> [apiv2][body] POST https://upload-firebasehosting.googleapis.com/upload/sites/rentsoestate/versions/606159fb55731a75/files/3ee59515172ee198f3be375979df15ac5345183e656720a381b8872b2a39dc8b [stream]
[debug] Task ee7e2f3fdb8209c4b6fd7bef6ba50d1b9dba30a25bb5c3126df057e1cb6f5331 failed: retries exhausted after 6 attempts, with error: Failed to make request to https://upload-firebasehosting.googleapis.com/upload/sites/rentsoestate/versions/606159fb55731a75/files/ee7e2f3fdb8209c4b6fd7bef6ba50d1b9dba30a25bb5c3126df057e1cb6f5331
[debug] [2022-08-19T04:33:47.325Z] [uploadQueue] Retrying task b2090cf9761ef60aa06e4fab97679bd43dfa5e5df073701ead5879d7c68f1ec5
[debug] [2022-08-19T04:33:47.326Z] >>> [apiv2][query] POST https://upload-firebasehosting.googleapis.com/upload/sites/rentsoestate/versions/606159fb55731a75/files/b2090cf9761ef60aa06e4fab97679bd43dfa5e5df073701ead5879d7c68f1ec5 [none]
[debug] [2022-08-19T04:33:47.326Z] >>> [apiv2][body] POST https://upload-firebasehosting.googleapis.com/upload/sites/rentsoestate/versions/606159fb55731a75/files/b2090cf9761ef60aa06e4fab97679bd43dfa5e5df073701ead5879d7c68f1ec5 [stream]
[debug] [2022-08-19T04:33:47.449Z] [uploadQueue] Retrying task b060a95cd9fc4b5239f7713c01743e87c22d440e1a395335daf3396b23489d80
[debug] [2022-08-19T04:33:47.449Z] >>> [apiv2][query] POST https://upload-firebasehosting.googleapis.com/upload/sites/rentsoestate/versions/606159fb55731a75/files/b060a95cd9fc4b5239f7713c01743e87c22d440e1a395335daf3396b23489d80 [none]
[debug] [2022-08-19T04:33:47.449Z] >>> [apiv2][body] POST https://upload-firebasehosting.googleapis.com/upload/sites/rentsoestate/versions/606159fb55731a75/files/b060a95cd9fc4b5239f7713c01743e87c22d440e1a395335daf3396b23489d80 [stream]
[debug] [2022-08-19T04:33:47.906Z] [uploadQueue] Retrying task c1befdbdae1624bd13c9186a0fd45682331f006fd6fd76e45dc7c830b7e6732a
[debug] [2022-08-19T04:33:47.907Z] >>> [apiv2][query] POST https://upload-firebasehosting.googleapis.com/upload/sites/rentsoestate/versions/606159fb55731a75/files/c1befdbdae1624bd13c9186a0fd45682331f006fd6fd76e45dc7c830b7e6732a [none]
[debug] [2022-08-19T04:33:47.907Z] >>> [apiv2][body] POST https://upload-firebasehosting.googleapis.com/upload/sites/rentsoestate/versions/606159fb55731a75/files/c1befdbdae1624bd13c9186a0fd45682331f006fd6fd76e45dc7c830b7e6732a [stream]
[debug] Task 7d2d855a4c37e75552d60d0b4b093cc1a43460d17e2421402d37be0014bd22d6 failed: retries exhausted after 6 attempts, with error: Failed to make request to https://upload-firebasehosting.googleapis.com/upload/sites/rentsoestate/versions/606159fb55731a75/files/7d2d855a4c37e75552d60d0b4b093cc1a43460d17e2421402d37be0014bd22d6
[debug] [2022-08-19T04:33:48.944Z] <<< [apiv2][status] POST https://upload-firebasehosting.googleapis.com/upload/sites/rentsoestate/versions/606159fb55731a75/files/bd283453304af7167b2ebd887cae79b72d1a2052f6bd749556ac833389aa52ae 200
[debug] [2022-08-19T04:33:48.945Z] <<< [apiv2][body] POST https://upload-firebasehosting.googleapis.com/upload/sites/rentsoestate/versions/606159fb55731a75/files/bd283453304af7167b2ebd887cae79b72d1a2052f6bd749556ac833389aa52ae [stream]
[debug] [2022-08-19T04:33:49.147Z] [uploadQueue] Retrying task 537d4d29ac255452530781da0540a2ba08209dfdd4ec9264cb3b8d55300ee2e3
[debug] [2022-08-19T04:33:49.148Z] >>> [apiv2][query] POST https://upload-firebasehosting.googleapis.com/upload/sites/rentsoestate/versions/606159fb55731a75/files/537d4d29ac255452530781da0540a2ba08209dfdd4ec9264cb3b8d55300ee2e3 [none]
[debug] [2022-08-19T04:33:49.148Z] >>> [apiv2][body] POST https://upload-firebasehosting.googleapis.com/upload/sites/rentsoestate/versions/606159fb55731a75/files/537d4d29ac255452530781da0540a2ba08209dfdd4ec9264cb3b8d55300ee2e3 [stream]
[debug] [2022-08-19T04:33:49.689Z] [uploadQueue] Retrying task 5c997de1364b8be939319fa9209abd77f2caf7f8844999a9e2e9173f844e7840
[debug] [2022-08-19T04:33:49.690Z] >>> [apiv2][query] POST https://upload-firebasehosting.googleapis.com/upload/sites/rentsoestate/versions/606159fb55731a75/files/5c997de1364b8be939319fa9209abd77f2caf7f8844999a9e2e9173f844e7840 [none]
[debug] [2022-08-19T04:33:49.690Z] >>> [apiv2][body] POST https://upload-firebasehosting.googleapis.com/upload/sites/rentsoestate/versions/606159fb55731a75/files/5c997de1364b8be939319fa9209abd77f2caf7f8844999a9e2e9173f844e7840 [stream]
[debug] [2022-08-19T04:33:49.946Z] Error: Timed out.
    at Timeout._onTimeout (C:\Users\Tsenguunmaa\AppData\Roaming\npm\node_modules\firebase-tools\lib\utils.js:253:49)
    at listOnTimeout (node:internal/timers:557:17)
    at processTimers (node:internal/timers:500:7)
[error] 
[error] Error: An unexpected error has occurred.
